<?xml version="1.0" encoding="UTF-8"?>
<!-- Generated by org.testng.reporters.JUnitXMLReporter -->
<testsuite ignored="65" hostname="sqe-IdeaPad-5-15ITL05" failures="0" tests="85" name="Test" time="165.33" errors="0" timestamp="2022-04-27T10:57:21 IST">
  <testcase classname="TestCases.Login" name="LoginAgency" time="9.748"/>
  <testcase classname="TestCases.CCP" name="PreRequisite" time="14.937"/>
  <testcase classname="TestCases.CCP" name="TC_CCP_01" time="2.235"/>
  <testcase classname="TestCases.CCP" name="TC_CCP_02" time="0.028"/>
  <testcase classname="TestCases.CCP" name="TC_CCP_03" time="4.33"/>
  <testcase classname="TestCases.CCP" name="TC_CCP_04" time="5.636"/>
  <testcase classname="TestCases.CCP" name="TC_CCP_06" time="3.231"/>
  <testcase classname="TestCases.CCP" name="TC_CCP_07" time="2.131"/>
  <testcase classname="TestCases.CCP" name="TC_CCP_08" time="0.288"/>
  <testcase classname="TestCases.CCP" name="TC_CCP_09" time="1.551"/>
  <testcase classname="TestCases.CCP" name="TC_CCP_10" time="1.56"/>
  <testcase classname="TestCases.CCP" name="TC_CCP_11" time="2.204"/>
  <testcase classname="TestCases.CCP" name="TC_CCP_12" time="1.377"/>
  <testcase classname="TestCases.CCP" name="TC_CCP_13" time="2.336"/>
  <testcase classname="TestCases.CCP" name="TC_CCP_14" time="1.112"/>
  <testcase classname="TestCases.CCP" name="TC_CCP_15" time="2.274"/>
  <testcase classname="TestCases.CCP" name="TC_CCP_16" time="0.209"/>
  <testcase classname="TestCases.CCP" name="TC_CCP_17" time="1.053"/>
  <testcase classname="TestCases.CCP" name="TC_CCP_18" time="0.159"/>
  <testcase classname="TestCases.CCP" name="TC_CCP_19" time="0.123"/>
  <testcase classname="TestCases.CCP" name="TC_CCP_20" time="0.113"/>
  <testcase classname="TestCases.CCP" name="TC_CCP_21" time="0.278"/>
  <testcase classname="TestCases.CCP" name="TC_CCP_22" time="0.297"/>
  <testcase classname="TestCases.CCP" name="TC_CCP_23" time="0.207"/>
  <testcase classname="TestCases.CCP" name="TC_CCP_24" time="0.196"/>
  <testcase classname="TestCases.CCP" name="TC_CCP_25" time="0.392"/>
  <testcase classname="TestCases.CCP" name="TC_CCP_26" time="1.542"/>
  <testcase classname="TestCases.CCP" name="TC_CCP_27" time="0.027"/>
  <testcase classname="TestCases.CCP" name="TC_CCP_28" time="0.164"/>
  <testcase classname="TestCases.CCP" name="TC_CCP_29" time="5.202"/>
  <testcase classname="TestCases.CCP" name="TC_CCP_30" time="6.437"/>
  <testcase classname="TestCases.CCP" name="TC_CCP_31" time="5.154"/>
  <testcase classname="TestCases.CCP" name="TC_CCP_32" time="1.227"/>
  <testcase classname="TestCases.CCP" name="TC_CCP_34" time="2.083"/>
  <testcase classname="TestCases.CCP" name="TC_CCP_35" time="4.222"/>
  <testcase classname="TestCases.CCP" name="TC_CCP_36" time="2.11"/>
  <testcase classname="TestCases.CCP" name="TC_CCP_37" time="2.932"/>
  <testcase classname="TestCases.CCP" name="TC_CCP_38" time="0.104"/>
  <testcase classname="TestCases.CCP" name="TC_CCP_39" time="2.164"/>
  <testcase classname="TestCases.CCP" name="TC_CCP_40" time="14.338"/>
  <testcase classname="TestCases.CCP" name="TC_CCP_42" time="1.87"/>
  <testcase classname="TestCases.CCP" name="TC_CCP_43" time="1.187"/>
  <testcase classname="TestCases.CCP" name="TC_CCP_44" time="1.066"/>
  <testcase classname="TestCases.CCP" name="TC_CCP_45" time="0.035"/>
  <testcase classname="TestCases.CCP" name="TC_CCP_46" time="0.207"/>
  <testcase classname="TestCases.CCP" name="TC_CCP_47" time="3.224"/>
  <testcase classname="TestCases.CCP" name="TC_CCP_48" time="2.159"/>
  <testcase classname="TestCases.CCP" name="TC_CCP_49" time="5.089"/>
  <testcase classname="TestCases.CCP" name="TC_CCP_50" time="3.144"/>
  <testcase classname="TestCases.CCP" name="TC_CCP_51" time="0.652"/>
  <testcase classname="TestCases.CCP" name="TC_CCP_52" time="5.694"/>
  <testcase classname="TestCases.CCP" name="TC_CCP_53" time="1.22"/>
  <testcase classname="TestCases.CCP" name="TC_CCP_54" time="0.44"/>
  <testcase classname="TestCases.CCP" name="TC_CCP_55" time="3.719"/>
  <testcase classname="TestCases.CCP" name="TC_CCP_56" time="2.059"/>
  <testcase classname="TestCases.CCP" name="TC_CCP_57" time="0.171"/>
  <testcase classname="TestCases.CCP" name="TC_CCP_58" time="0.026"/>
  <testcase classname="TestCases.CCP" name="TC_CCP_59" time="2.164"/>
  <testcase classname="TestCases.CCP" name="TC_CCP_60" time="0.022"/>
  <testcase classname="TestCases.CCP" name="TC_CCP_61" time="3.321"/>
  <testcase classname="TestCases.PerformInspection" name="TC_PIP_01" time="1.845"/>
  <testcase classname="TestCases.PerformInspection" name="TC_PIP_02" time="0.162"/>
  <testcase classname="TestCases.PerformInspection" name="TC_PIP_03" time="1.07"/>
  <testcase classname="TestCases.PerformInspection" name="TC_PIP_04" time="0.228"/>
  <testcase classname="TestCases.PerformInspection" name="TC_PIP_05" time="0.034"/>
  <testcase classname="TestCases.PerformInspection" name="TC_PIP_06" time="0.133"/>
  <testcase classname="TestCases.PerformInspection" name="TC_PIP_07" time="1.122"/>
  <testcase classname="TestCases.PerformInspection" name="TC_PIP_08" time="0.123"/>
  <testcase classname="TestCases.PerformInspection" name="TC_PIP_09" time="0.133"/>
  <testcase classname="TestCases.PerformInspection" name="TC_PIP_10" time="0.106"/>
  <testcase classname="TestCases.PerformInspection" name="TC_PIP_11" time="2.151"/>
  <testcase classname="TestCases.PerformInspection" name="TC_PIP_12" time="1.174"/>
  <testcase classname="TestCases.PerformInspection" name="TC_PIP_13" time="0.292"/>
  <testcase classname="TestCases.PerformInspection" name="TC_PIP_14" time="0.025"/>
  <testcase classname="TestCases.PerformInspection" name="TC_PIP_15" time="0.023"/>
  <testcase classname="TestCases.PerformInspection" name="TC_PIP_16" time="2.174"/>
  <testcase classname="TestCases.PerformInspection" name="TC_PIP_17" time="0.312"/>
  <testcase classname="TestCases.PerformInspection" name="TC_PIP_18" time="4.622"/>
  <testcase classname="TestCases.PerformInspection" name="TC_PIP_19" time="1.214"/>
  <testcase classname="TestCases.PerformInspection" name="TC_PIP_20" time="0.039"/>
  <testcase classname="TestCases.PerformInspection" name="TC_PIP_21" time="3.591"/>
  <testcase classname="TestCases.PerformInspection" name="TC_PIP_22" time="0.029"/>
  <testcase classname="TestCases.PerformInspection" name="TC_PIP_23" time="0.185"/>
  <testcase classname="TestCases.PerformInspection" name="TC_PIP_24" time="1.1"/>
  <testcase classname="TestCases.PerformInspection" name="TC_PIP_25" time="0.142"/>
  <testcase classname="ExtentReport.ExtentReportClass" name="@BeforeSuite setExtent" time="0.0">
    <ignored/>
  </testcase> <!-- @BeforeSuite setExtent -->
  <testcase classname="TestCases.CCP" name="TC_CCP_50" time="0.0">
    <ignored/>
  </testcase> <!-- TC_CCP_50 -->
  <testcase classname="BrowsersBase.BrowsersInvoked" name="@BeforeSuite SetProp" time="0.0">
    <ignored/>
  </testcase> <!-- @BeforeSuite SetProp -->
  <testcase classname="TestCases.CCP" name="TC_CCP_22" time="0.0">
    <ignored/>
  </testcase> <!-- TC_CCP_22 -->
  <testcase classname="TestCases.CCP" name="TC_CCP_42" time="0.0">
    <ignored/>
  </testcase> <!-- TC_CCP_42 -->
  <testcase classname="TestCases.CCP" name="TC_CCP_54" time="0.0">
    <ignored/>
  </testcase> <!-- TC_CCP_54 -->
  <testcase classname="TestCases.CCP" name="TC_CCP_10" time="0.0">
    <ignored/>
  </testcase> <!-- TC_CCP_10 -->
  <testcase classname="TestCases.CCP" name="TC_CCP_59" time="0.0">
    <ignored/>
  </testcase> <!-- TC_CCP_59 -->
  <testcase classname="TestCases.CCP" name="TC_CCP_15" time="0.0">
    <ignored/>
  </testcase> <!-- TC_CCP_15 -->
  <testcase classname="TestCases.CCP" name="TC_CCP_30" time="0.0">
    <ignored/>
  </testcase> <!-- TC_CCP_30 -->
  <testcase classname="TestCases.CCP" name="TC_CCP_35" time="0.0">
    <ignored/>
  </testcase> <!-- TC_CCP_35 -->
  <testcase classname="TestCases.CCP" name="TC_CCP_47" time="0.0">
    <ignored/>
  </testcase> <!-- TC_CCP_47 -->
  <testcase classname="TestCases.CCP" name="TC_CCP_03" time="0.0">
    <ignored/>
  </testcase> <!-- TC_CCP_03 -->
  <testcase classname="TestCases.CCP" name="TC_CCP_19" time="0.0">
    <ignored/>
  </testcase> <!-- TC_CCP_19 -->
  <testcase classname="TestCases.CCP" name="TC_CCP_23" time="0.0">
    <ignored/>
  </testcase> <!-- TC_CCP_23 -->
  <testcase classname="TestCases.CCP" name="TC_CCP_39" time="0.0">
    <ignored/>
  </testcase> <!-- TC_CCP_39 -->
  <testcase classname="TestCases.CCP" name="TC_CCP_07" time="0.0">
    <ignored/>
  </testcase> <!-- TC_CCP_07 -->
  <testcase classname="TestCases.CCP" name="TC_CCP_27" time="0.0">
    <ignored/>
  </testcase> <!-- TC_CCP_27 -->
  <testcase classname="ExtentReport.ExtentReportClass" name="@AfterSuite endReport" time="0.0">
    <ignored/>
  </testcase> <!-- @AfterSuite endReport -->
  <testcase classname="TestCases.CCP" name="TC_CCP_51" time="0.0">
    <ignored/>
  </testcase> <!-- TC_CCP_51 -->
  <testcase classname="BrowsersBase.BrowsersInvoked" name="@BeforeSuite SetProp" time="0.0">
    <ignored/>
  </testcase> <!-- @BeforeSuite SetProp -->
  <testcase classname="TestCases.CCP" name="TC_CCP_55" time="0.0">
    <ignored/>
  </testcase> <!-- TC_CCP_55 -->
  <testcase classname="TestCases.CCP" name="TC_CCP_11" time="0.0">
    <ignored/>
  </testcase> <!-- TC_CCP_11 -->
  <testcase classname="TestCases.CCP" name="TC_CCP_31" time="0.0">
    <ignored/>
  </testcase> <!-- TC_CCP_31 -->
  <testcase classname="TestCases.CCP" name="TC_CCP_43" time="0.0">
    <ignored/>
  </testcase> <!-- TC_CCP_43 -->
  <testcase classname="TestCases.CCP" name="TC_CCP_48" time="0.0">
    <ignored/>
  </testcase> <!-- TC_CCP_48 -->
  <testcase classname="TestCases.CCP" name="TC_CCP_04" time="0.0">
    <ignored/>
  </testcase> <!-- TC_CCP_04 -->
  <testcase classname="TestCases.CCP" name="TC_CCP_24" time="0.0">
    <ignored/>
  </testcase> <!-- TC_CCP_24 -->
  <testcase classname="TestCases.CCP" name="TC_CCP_36" time="0.0">
    <ignored/>
  </testcase> <!-- TC_CCP_36 -->
  <testcase classname="TestCases.CCP" name="TC_CCP_08" time="0.0">
    <ignored/>
  </testcase> <!-- TC_CCP_08 -->
  <testcase classname="TestCases.CCP" name="TC_CCP_56" time="0.0">
    <ignored/>
  </testcase> <!-- TC_CCP_56 -->
  <testcase classname="TestCases.CCP" name="TC_CCP_12" time="0.0">
    <ignored/>
  </testcase> <!-- TC_CCP_12 -->
  <testcase classname="TestCases.CCP" name="TC_CCP_28" time="0.0">
    <ignored/>
  </testcase> <!-- TC_CCP_28 -->
  <testcase classname="TestCases.CCP" name="TC_CCP_16" time="0.0">
    <ignored/>
  </testcase> <!-- TC_CCP_16 -->
  <testcase classname="TestCases.CCP" name="TC_CCP_40" time="0.0">
    <ignored/>
  </testcase> <!-- TC_CCP_40 -->
  <testcase classname="ExtentReport.ExtentReportClass" name="@AfterSuite endReport" time="0.0">
    <ignored/>
  </testcase> <!-- @AfterSuite endReport -->
  <testcase classname="TestCases.CCP" name="TC_CCP_60" time="0.0">
    <ignored/>
  </testcase> <!-- TC_CCP_60 -->
  <testcase classname="TestCases.CCP" name="TC_CCP_44" time="0.0">
    <ignored/>
  </testcase> <!-- TC_CCP_44 -->
  <testcase classname="TestCases.CCP" name="TC_CCP_20" time="0.0">
    <ignored/>
  </testcase> <!-- TC_CCP_20 -->
  <testcase classname="TestCases.CCP" name="TC_CCP_32" time="0.0">
    <ignored/>
  </testcase> <!-- TC_CCP_32 -->
  <testcase classname="TestCases.CCP" name="TC_CCP_37" time="0.0">
    <ignored/>
  </testcase> <!-- TC_CCP_37 -->
  <testcase classname="TestCases.CCP" name="TC_CCP_52" time="0.0">
    <ignored/>
  </testcase> <!-- TC_CCP_52 -->
  <testcase classname="TestCases.CCP" name="TC_CCP_57" time="0.0">
    <ignored/>
  </testcase> <!-- TC_CCP_57 -->
  <testcase classname="TestCases.CCP" name="TC_CCP_13" time="0.0">
    <ignored/>
  </testcase> <!-- TC_CCP_13 -->
  <testcase classname="TestCases.CCP" name="TC_CCP_25" time="0.0">
    <ignored/>
  </testcase> <!-- TC_CCP_25 -->
  <testcase classname="TestCases.CCP" name="TC_CCP_45" time="0.0">
    <ignored/>
  </testcase> <!-- TC_CCP_45 -->
  <testcase classname="TestCases.CCP" name="TC_CCP_01" time="0.0">
    <ignored/>
  </testcase> <!-- TC_CCP_01 -->
  <testcase classname="TestCases.CCP" name="TC_CCP_17" time="0.0">
    <ignored/>
  </testcase> <!-- TC_CCP_17 -->
  <testcase classname="TestCases.CCP" name="TC_CCP_29" time="0.0">
    <ignored/>
  </testcase> <!-- TC_CCP_29 -->
  <testcase classname="TestCases.CCP" name="TC_CCP_49" time="0.0">
    <ignored/>
  </testcase> <!-- TC_CCP_49 -->
  <testcase classname="TestCases.CCP" name="TC_CCP_09" time="0.0">
    <ignored/>
  </testcase> <!-- TC_CCP_09 -->
  <testcase classname="ExtentReport.ExtentReportClass" name="@BeforeSuite setExtent" time="0.0">
    <ignored/>
  </testcase> <!-- @BeforeSuite setExtent -->
  <testcase classname="TestCases.CCP" name="TC_CCP_61" time="0.0">
    <ignored/>
  </testcase> <!-- TC_CCP_61 -->
  <testcase classname="TestCases.CCP" name="TC_CCP_53" time="0.0">
    <ignored/>
  </testcase> <!-- TC_CCP_53 -->
  <testcase classname="TestCases.CCP" name="TC_CCP_21" time="0.0">
    <ignored/>
  </testcase> <!-- TC_CCP_21 -->
  <testcase classname="TestCases.CCP" name="TC_CCP_26" time="0.0">
    <ignored/>
  </testcase> <!-- TC_CCP_26 -->
  <testcase classname="TestCases.CCP" name="TC_CCP_46" time="0.0">
    <ignored/>
  </testcase> <!-- TC_CCP_46 -->
  <testcase classname="TestCases.CCP" name="TC_CCP_02" time="0.0">
    <ignored/>
  </testcase> <!-- TC_CCP_02 -->
  <testcase classname="TestCases.CCP" name="TC_CCP_58" time="0.0">
    <ignored/>
  </testcase> <!-- TC_CCP_58 -->
  <testcase classname="TestCases.CCP" name="TC_CCP_14" time="0.0">
    <ignored/>
  </testcase> <!-- TC_CCP_14 -->
  <testcase classname="TestCases.CCP" name="TC_CCP_34" time="0.0">
    <ignored/>
  </testcase> <!-- TC_CCP_34 -->
  <testcase classname="TestCases.CCP" name="TC_CCP_06" time="0.0">
    <ignored/>
  </testcase> <!-- TC_CCP_06 -->
  <testcase classname="TestCases.CCP" name="TC_CCP_18" time="0.0">
    <ignored/>
  </testcase> <!-- TC_CCP_18 -->
  <testcase classname="TestCases.CCP" name="TC_CCP_38" time="0.0">
    <ignored/>
  </testcase> <!-- TC_CCP_38 -->
  <testcase classname="TestCases.CCP" name="PreRequisite" time="0.0">
    <ignored/>
  </testcase> <!-- PreRequisite -->
</testsuite> <!-- Test -->
