<?xml version="1.0" encoding="UTF-8"?>
<testng-results ignored="65" total="150" passed="85" failed="0" skipped="0">
  <reporter-output>
  </reporter-output>
  <suite started-at="2022-04-27T10:54:35 IST" name="Suite" finished-at="2022-04-27T10:57:21 IST" duration-ms="165330">
    <groups>
    </groups>
    <test started-at="2022-04-27T10:54:35 IST" name="Test" finished-at="2022-04-27T10:57:21 IST" duration-ms="165330">
      <class name="TestCases.Login">
        <test-method is-config="true" signature="SetProp()[pri:0, instance:TestCases.Login@399c4be1]" started-at="2022-04-27T10:54:12 IST" name="SetProp" finished-at="2022-04-27T10:54:35 IST" duration-ms="22993" status="PASS">
          <reporter-output>
          </reporter-output>
        </test-method> <!-- SetProp -->
        <test-method is-config="true" signature="setExtent()[pri:0, instance:TestCases.Login@399c4be1]" started-at="2022-04-27T10:54:35 IST" name="setExtent" finished-at="2022-04-27T10:54:35 IST" depends-on-methods="BrowsersBase.BrowsersInvoked.SetProp" duration-ms="67" status="PASS">
          <reporter-output>
          </reporter-output>
        </test-method> <!-- setExtent -->
        <test-method signature="LoginAgency()[pri:0, instance:TestCases.Login@399c4be1]" started-at="2022-04-27T10:54:35 IST" name="LoginAgency" finished-at="2022-04-27T10:54:45 IST" duration-ms="9748" status="PASS">
          <reporter-output>
          </reporter-output>
        </test-method> <!-- LoginAgency -->
        <test-method is-config="true" signature="tearDown(org.testng.ITestResult)[pri:0, instance:TestCases.Login@399c4be1]" started-at="2022-04-27T10:54:45 IST" name="tearDown" finished-at="2022-04-27T10:54:45 IST" duration-ms="1" status="PASS">
          <params>
            <param index="0">
              <value>
                <![CDATA[[TestResult name=LoginAgency status=SUCCESS method=Login.LoginAgency()[pri:0, instance:TestCases.Login@399c4be1] output={null}]]]>
              </value>
            </param>
          </params>
          <reporter-output>
          </reporter-output>
        </test-method> <!-- tearDown -->
        <test-method is-config="true" signature="endReport()[pri:0, instance:TestCases.Login@399c4be1]" started-at="2022-04-27T10:57:21 IST" name="endReport" finished-at="2022-04-27T10:57:21 IST" duration-ms="195" status="PASS">
          <reporter-output>
          </reporter-output>
        </test-method> <!-- endReport -->
      </class> <!-- TestCases.Login -->
      <class name="TestCases.CCP">
        <test-method signature="PreRequisite()[pri:1, instance:TestCases.CCP@1e178745]" started-at="2022-04-27T10:54:45 IST" name="PreRequisite" finished-at="2022-04-27T10:55:00 IST" duration-ms="14937" status="PASS">
          <reporter-output>
          </reporter-output>
        </test-method> <!-- PreRequisite -->
        <test-method signature="TC_CCP_01()[pri:2, instance:TestCases.CCP@1e178745]" started-at="2022-04-27T10:55:00 IST" name="TC_CCP_01" finished-at="2022-04-27T10:55:02 IST" duration-ms="2235" status="PASS">
          <reporter-output>
          </reporter-output>
        </test-method> <!-- TC_CCP_01 -->
        <test-method is-config="true" signature="tearDown(org.testng.ITestResult)[pri:0, instance:TestCases.CCP@1e178745]" started-at="2022-04-27T10:55:00 IST" name="tearDown" finished-at="2022-04-27T10:55:00 IST" duration-ms="0" status="PASS">
          <params>
            <param index="0">
              <value>
                <![CDATA[[TestResult name=PreRequisite status=SUCCESS method=CCP.PreRequisite()[pri:1, instance:TestCases.CCP@1e178745] output={null}]]]>
              </value>
            </param>
          </params>
          <reporter-output>
          </reporter-output>
        </test-method> <!-- tearDown -->
        <test-method is-config="true" signature="tearDown(org.testng.ITestResult)[pri:0, instance:TestCases.CCP@1e178745]" started-at="2022-04-27T10:55:02 IST" name="tearDown" finished-at="2022-04-27T10:55:02 IST" duration-ms="0" status="PASS">
          <params>
            <param index="0">
              <value>
                <![CDATA[[TestResult name=TC_CCP_01 status=SUCCESS method=CCP.TC_CCP_01()[pri:2, instance:TestCases.CCP@1e178745] output={null}]]]>
              </value>
            </param>
          </params>
          <reporter-output>
          </reporter-output>
        </test-method> <!-- tearDown -->
        <test-method signature="TC_CCP_02()[pri:3, instance:TestCases.CCP@1e178745]" started-at="2022-04-27T10:55:02 IST" name="TC_CCP_02" finished-at="2022-04-27T10:55:02 IST" duration-ms="28" status="PASS">
          <reporter-output>
          </reporter-output>
        </test-method> <!-- TC_CCP_02 -->
        <test-method is-config="true" signature="tearDown(org.testng.ITestResult)[pri:0, instance:TestCases.CCP@1e178745]" started-at="2022-04-27T10:55:02 IST" name="tearDown" finished-at="2022-04-27T10:55:02 IST" duration-ms="0" status="PASS">
          <params>
            <param index="0">
              <value>
                <![CDATA[[TestResult name=TC_CCP_02 status=SUCCESS method=CCP.TC_CCP_02()[pri:3, instance:TestCases.CCP@1e178745] output={null}]]]>
              </value>
            </param>
          </params>
          <reporter-output>
          </reporter-output>
        </test-method> <!-- tearDown -->
        <test-method signature="TC_CCP_03()[pri:4, instance:TestCases.CCP@1e178745]" started-at="2022-04-27T10:55:02 IST" name="TC_CCP_03" finished-at="2022-04-27T10:55:07 IST" duration-ms="4330" status="PASS">
          <reporter-output>
          </reporter-output>
        </test-method> <!-- TC_CCP_03 -->
        <test-method is-config="true" signature="tearDown(org.testng.ITestResult)[pri:0, instance:TestCases.CCP@1e178745]" started-at="2022-04-27T10:55:07 IST" name="tearDown" finished-at="2022-04-27T10:55:07 IST" duration-ms="0" status="PASS">
          <params>
            <param index="0">
              <value>
                <![CDATA[[TestResult name=TC_CCP_03 status=SUCCESS method=CCP.TC_CCP_03()[pri:4, instance:TestCases.CCP@1e178745] output={null}]]]>
              </value>
            </param>
          </params>
          <reporter-output>
          </reporter-output>
        </test-method> <!-- tearDown -->
        <test-method signature="TC_CCP_04()[pri:5, instance:TestCases.CCP@1e178745]" started-at="2022-04-27T10:55:07 IST" name="TC_CCP_04" finished-at="2022-04-27T10:55:12 IST" duration-ms="5636" status="PASS">
          <reporter-output>
          </reporter-output>
        </test-method> <!-- TC_CCP_04 -->
        <test-method signature="TC_CCP_06()[pri:7, instance:TestCases.CCP@1e178745]" started-at="2022-04-27T10:55:12 IST" name="TC_CCP_06" finished-at="2022-04-27T10:55:16 IST" duration-ms="3231" status="PASS">
          <reporter-output>
          </reporter-output>
        </test-method> <!-- TC_CCP_06 -->
        <test-method is-config="true" signature="tearDown(org.testng.ITestResult)[pri:0, instance:TestCases.CCP@1e178745]" started-at="2022-04-27T10:55:12 IST" name="tearDown" finished-at="2022-04-27T10:55:12 IST" duration-ms="0" status="PASS">
          <params>
            <param index="0">
              <value>
                <![CDATA[[TestResult name=TC_CCP_04 status=SUCCESS method=CCP.TC_CCP_04()[pri:5, instance:TestCases.CCP@1e178745] output={null}]]]>
              </value>
            </param>
          </params>
          <reporter-output>
          </reporter-output>
        </test-method> <!-- tearDown -->
        <test-method is-config="true" signature="tearDown(org.testng.ITestResult)[pri:0, instance:TestCases.CCP@1e178745]" started-at="2022-04-27T10:55:16 IST" name="tearDown" finished-at="2022-04-27T10:55:16 IST" duration-ms="0" status="PASS">
          <params>
            <param index="0">
              <value>
                <![CDATA[[TestResult name=TC_CCP_06 status=SUCCESS method=CCP.TC_CCP_06()[pri:7, instance:TestCases.CCP@1e178745] output={null}]]]>
              </value>
            </param>
          </params>
          <reporter-output>
          </reporter-output>
        </test-method> <!-- tearDown -->
        <test-method signature="TC_CCP_07()[pri:8, instance:TestCases.CCP@1e178745]" started-at="2022-04-27T10:55:16 IST" name="TC_CCP_07" finished-at="2022-04-27T10:55:18 IST" duration-ms="2131" status="PASS">
          <reporter-output>
          </reporter-output>
        </test-method> <!-- TC_CCP_07 -->
        <test-method is-config="true" signature="tearDown(org.testng.ITestResult)[pri:0, instance:TestCases.CCP@1e178745]" started-at="2022-04-27T10:55:18 IST" name="tearDown" finished-at="2022-04-27T10:55:18 IST" duration-ms="0" status="PASS">
          <params>
            <param index="0">
              <value>
                <![CDATA[[TestResult name=TC_CCP_07 status=SUCCESS method=CCP.TC_CCP_07()[pri:8, instance:TestCases.CCP@1e178745] output={null}]]]>
              </value>
            </param>
          </params>
          <reporter-output>
          </reporter-output>
        </test-method> <!-- tearDown -->
        <test-method signature="TC_CCP_08()[pri:9, instance:TestCases.CCP@1e178745]" started-at="2022-04-27T10:55:18 IST" name="TC_CCP_08" finished-at="2022-04-27T10:55:18 IST" duration-ms="288" status="PASS">
          <reporter-output>
          </reporter-output>
        </test-method> <!-- TC_CCP_08 -->
        <test-method is-config="true" signature="tearDown(org.testng.ITestResult)[pri:0, instance:TestCases.CCP@1e178745]" started-at="2022-04-27T10:55:18 IST" name="tearDown" finished-at="2022-04-27T10:55:18 IST" duration-ms="0" status="PASS">
          <params>
            <param index="0">
              <value>
                <![CDATA[[TestResult name=TC_CCP_08 status=SUCCESS method=CCP.TC_CCP_08()[pri:9, instance:TestCases.CCP@1e178745] output={null}]]]>
              </value>
            </param>
          </params>
          <reporter-output>
          </reporter-output>
        </test-method> <!-- tearDown -->
        <test-method signature="TC_CCP_09()[pri:10, instance:TestCases.CCP@1e178745]" started-at="2022-04-27T10:55:18 IST" name="TC_CCP_09" finished-at="2022-04-27T10:55:20 IST" duration-ms="1551" status="PASS">
          <reporter-output>
          </reporter-output>
        </test-method> <!-- TC_CCP_09 -->
        <test-method is-config="true" signature="tearDown(org.testng.ITestResult)[pri:0, instance:TestCases.CCP@1e178745]" started-at="2022-04-27T10:55:20 IST" name="tearDown" finished-at="2022-04-27T10:55:20 IST" duration-ms="1" status="PASS">
          <params>
            <param index="0">
              <value>
                <![CDATA[[TestResult name=TC_CCP_09 status=SUCCESS method=CCP.TC_CCP_09()[pri:10, instance:TestCases.CCP@1e178745] output={null}]]]>
              </value>
            </param>
          </params>
          <reporter-output>
          </reporter-output>
        </test-method> <!-- tearDown -->
        <test-method signature="TC_CCP_10()[pri:11, instance:TestCases.CCP@1e178745]" started-at="2022-04-27T10:55:20 IST" name="TC_CCP_10" finished-at="2022-04-27T10:55:21 IST" duration-ms="1560" status="PASS">
          <reporter-output>
          </reporter-output>
        </test-method> <!-- TC_CCP_10 -->
        <test-method is-config="true" signature="tearDown(org.testng.ITestResult)[pri:0, instance:TestCases.CCP@1e178745]" started-at="2022-04-27T10:55:21 IST" name="tearDown" finished-at="2022-04-27T10:55:21 IST" duration-ms="0" status="PASS">
          <params>
            <param index="0">
              <value>
                <![CDATA[[TestResult name=TC_CCP_10 status=SUCCESS method=CCP.TC_CCP_10()[pri:11, instance:TestCases.CCP@1e178745] output={null}]]]>
              </value>
            </param>
          </params>
          <reporter-output>
          </reporter-output>
        </test-method> <!-- tearDown -->
        <test-method signature="TC_CCP_11()[pri:12, instance:TestCases.CCP@1e178745]" started-at="2022-04-27T10:55:21 IST" name="TC_CCP_11" finished-at="2022-04-27T10:55:23 IST" duration-ms="2204" status="PASS">
          <reporter-output>
          </reporter-output>
        </test-method> <!-- TC_CCP_11 -->
        <test-method is-config="true" signature="tearDown(org.testng.ITestResult)[pri:0, instance:TestCases.CCP@1e178745]" started-at="2022-04-27T10:55:23 IST" name="tearDown" finished-at="2022-04-27T10:55:23 IST" duration-ms="1" status="PASS">
          <params>
            <param index="0">
              <value>
                <![CDATA[[TestResult name=TC_CCP_11 status=SUCCESS method=CCP.TC_CCP_11()[pri:12, instance:TestCases.CCP@1e178745] output={null}]]]>
              </value>
            </param>
          </params>
          <reporter-output>
          </reporter-output>
        </test-method> <!-- tearDown -->
        <test-method signature="TC_CCP_12()[pri:13, instance:TestCases.CCP@1e178745]" started-at="2022-04-27T10:55:23 IST" name="TC_CCP_12" finished-at="2022-04-27T10:55:25 IST" duration-ms="1377" status="PASS">
          <reporter-output>
          </reporter-output>
        </test-method> <!-- TC_CCP_12 -->
        <test-method is-config="true" signature="tearDown(org.testng.ITestResult)[pri:0, instance:TestCases.CCP@1e178745]" started-at="2022-04-27T10:55:25 IST" name="tearDown" finished-at="2022-04-27T10:55:25 IST" duration-ms="0" status="PASS">
          <params>
            <param index="0">
              <value>
                <![CDATA[[TestResult name=TC_CCP_12 status=SUCCESS method=CCP.TC_CCP_12()[pri:13, instance:TestCases.CCP@1e178745] output={null}]]]>
              </value>
            </param>
          </params>
          <reporter-output>
          </reporter-output>
        </test-method> <!-- tearDown -->
        <test-method signature="TC_CCP_13()[pri:14, instance:TestCases.CCP@1e178745]" started-at="2022-04-27T10:55:25 IST" name="TC_CCP_13" finished-at="2022-04-27T10:55:27 IST" duration-ms="2336" status="PASS">
          <reporter-output>
          </reporter-output>
        </test-method> <!-- TC_CCP_13 -->
        <test-method is-config="true" signature="tearDown(org.testng.ITestResult)[pri:0, instance:TestCases.CCP@1e178745]" started-at="2022-04-27T10:55:27 IST" name="tearDown" finished-at="2022-04-27T10:55:27 IST" duration-ms="0" status="PASS">
          <params>
            <param index="0">
              <value>
                <![CDATA[[TestResult name=TC_CCP_13 status=SUCCESS method=CCP.TC_CCP_13()[pri:14, instance:TestCases.CCP@1e178745] output={null}]]]>
              </value>
            </param>
          </params>
          <reporter-output>
          </reporter-output>
        </test-method> <!-- tearDown -->
        <test-method signature="TC_CCP_14()[pri:15, instance:TestCases.CCP@1e178745]" started-at="2022-04-27T10:55:27 IST" name="TC_CCP_14" finished-at="2022-04-27T10:55:28 IST" duration-ms="1112" status="PASS">
          <reporter-output>
          </reporter-output>
        </test-method> <!-- TC_CCP_14 -->
        <test-method is-config="true" signature="tearDown(org.testng.ITestResult)[pri:0, instance:TestCases.CCP@1e178745]" started-at="2022-04-27T10:55:28 IST" name="tearDown" finished-at="2022-04-27T10:55:28 IST" duration-ms="0" status="PASS">
          <params>
            <param index="0">
              <value>
                <![CDATA[[TestResult name=TC_CCP_14 status=SUCCESS method=CCP.TC_CCP_14()[pri:15, instance:TestCases.CCP@1e178745] output={null}]]]>
              </value>
            </param>
          </params>
          <reporter-output>
          </reporter-output>
        </test-method> <!-- tearDown -->
        <test-method signature="TC_CCP_15()[pri:16, instance:TestCases.CCP@1e178745]" started-at="2022-04-27T10:55:28 IST" name="TC_CCP_15" finished-at="2022-04-27T10:55:30 IST" duration-ms="2274" status="PASS">
          <reporter-output>
          </reporter-output>
        </test-method> <!-- TC_CCP_15 -->
        <test-method is-config="true" signature="tearDown(org.testng.ITestResult)[pri:0, instance:TestCases.CCP@1e178745]" started-at="2022-04-27T10:55:30 IST" name="tearDown" finished-at="2022-04-27T10:55:30 IST" duration-ms="2" status="PASS">
          <params>
            <param index="0">
              <value>
                <![CDATA[[TestResult name=TC_CCP_15 status=SUCCESS method=CCP.TC_CCP_15()[pri:16, instance:TestCases.CCP@1e178745] output={null}]]]>
              </value>
            </param>
          </params>
          <reporter-output>
          </reporter-output>
        </test-method> <!-- tearDown -->
        <test-method signature="TC_CCP_16()[pri:17, instance:TestCases.CCP@1e178745]" started-at="2022-04-27T10:55:30 IST" name="TC_CCP_16" finished-at="2022-04-27T10:55:31 IST" duration-ms="209" status="PASS">
          <reporter-output>
          </reporter-output>
        </test-method> <!-- TC_CCP_16 -->
        <test-method is-config="true" signature="tearDown(org.testng.ITestResult)[pri:0, instance:TestCases.CCP@1e178745]" started-at="2022-04-27T10:55:31 IST" name="tearDown" finished-at="2022-04-27T10:55:31 IST" duration-ms="1" status="PASS">
          <params>
            <param index="0">
              <value>
                <![CDATA[[TestResult name=TC_CCP_16 status=SUCCESS method=CCP.TC_CCP_16()[pri:17, instance:TestCases.CCP@1e178745] output={null}]]]>
              </value>
            </param>
          </params>
          <reporter-output>
          </reporter-output>
        </test-method> <!-- tearDown -->
        <test-method signature="TC_CCP_17()[pri:18, instance:TestCases.CCP@1e178745]" started-at="2022-04-27T10:55:31 IST" name="TC_CCP_17" finished-at="2022-04-27T10:55:32 IST" duration-ms="1053" status="PASS">
          <reporter-output>
          </reporter-output>
        </test-method> <!-- TC_CCP_17 -->
        <test-method is-config="true" signature="tearDown(org.testng.ITestResult)[pri:0, instance:TestCases.CCP@1e178745]" started-at="2022-04-27T10:55:32 IST" name="tearDown" finished-at="2022-04-27T10:55:32 IST" duration-ms="0" status="PASS">
          <params>
            <param index="0">
              <value>
                <![CDATA[[TestResult name=TC_CCP_17 status=SUCCESS method=CCP.TC_CCP_17()[pri:18, instance:TestCases.CCP@1e178745] output={null}]]]>
              </value>
            </param>
          </params>
          <reporter-output>
          </reporter-output>
        </test-method> <!-- tearDown -->
        <test-method signature="TC_CCP_18()[pri:19, instance:TestCases.CCP@1e178745]" started-at="2022-04-27T10:55:32 IST" name="TC_CCP_18" finished-at="2022-04-27T10:55:32 IST" duration-ms="159" status="PASS">
          <reporter-output>
          </reporter-output>
        </test-method> <!-- TC_CCP_18 -->
        <test-method is-config="true" signature="tearDown(org.testng.ITestResult)[pri:0, instance:TestCases.CCP@1e178745]" started-at="2022-04-27T10:55:32 IST" name="tearDown" finished-at="2022-04-27T10:55:32 IST" duration-ms="0" status="PASS">
          <params>
            <param index="0">
              <value>
                <![CDATA[[TestResult name=TC_CCP_18 status=SUCCESS method=CCP.TC_CCP_18()[pri:19, instance:TestCases.CCP@1e178745] output={null}]]]>
              </value>
            </param>
          </params>
          <reporter-output>
          </reporter-output>
        </test-method> <!-- tearDown -->
        <test-method signature="TC_CCP_19()[pri:20, instance:TestCases.CCP@1e178745]" started-at="2022-04-27T10:55:32 IST" name="TC_CCP_19" finished-at="2022-04-27T10:55:32 IST" duration-ms="123" status="PASS">
          <reporter-output>
          </reporter-output>
        </test-method> <!-- TC_CCP_19 -->
        <test-method is-config="true" signature="tearDown(org.testng.ITestResult)[pri:0, instance:TestCases.CCP@1e178745]" started-at="2022-04-27T10:55:32 IST" name="tearDown" finished-at="2022-04-27T10:55:32 IST" duration-ms="0" status="PASS">
          <params>
            <param index="0">
              <value>
                <![CDATA[[TestResult name=TC_CCP_19 status=SUCCESS method=CCP.TC_CCP_19()[pri:20, instance:TestCases.CCP@1e178745] output={null}]]]>
              </value>
            </param>
          </params>
          <reporter-output>
          </reporter-output>
        </test-method> <!-- tearDown -->
        <test-method signature="TC_CCP_20()[pri:21, instance:TestCases.CCP@1e178745]" started-at="2022-04-27T10:55:32 IST" name="TC_CCP_20" finished-at="2022-04-27T10:55:32 IST" duration-ms="113" status="PASS">
          <reporter-output>
          </reporter-output>
        </test-method> <!-- TC_CCP_20 -->
        <test-method is-config="true" signature="tearDown(org.testng.ITestResult)[pri:0, instance:TestCases.CCP@1e178745]" started-at="2022-04-27T10:55:32 IST" name="tearDown" finished-at="2022-04-27T10:55:32 IST" duration-ms="0" status="PASS">
          <params>
            <param index="0">
              <value>
                <![CDATA[[TestResult name=TC_CCP_20 status=SUCCESS method=CCP.TC_CCP_20()[pri:21, instance:TestCases.CCP@1e178745] output={null}]]]>
              </value>
            </param>
          </params>
          <reporter-output>
          </reporter-output>
        </test-method> <!-- tearDown -->
        <test-method signature="TC_CCP_21()[pri:22, instance:TestCases.CCP@1e178745]" started-at="2022-04-27T10:55:32 IST" name="TC_CCP_21" finished-at="2022-04-27T10:55:32 IST" duration-ms="278" status="PASS">
          <reporter-output>
          </reporter-output>
        </test-method> <!-- TC_CCP_21 -->
        <test-method is-config="true" signature="tearDown(org.testng.ITestResult)[pri:0, instance:TestCases.CCP@1e178745]" started-at="2022-04-27T10:55:32 IST" name="tearDown" finished-at="2022-04-27T10:55:32 IST" duration-ms="0" status="PASS">
          <params>
            <param index="0">
              <value>
                <![CDATA[[TestResult name=TC_CCP_21 status=SUCCESS method=CCP.TC_CCP_21()[pri:22, instance:TestCases.CCP@1e178745] output={null}]]]>
              </value>
            </param>
          </params>
          <reporter-output>
          </reporter-output>
        </test-method> <!-- tearDown -->
        <test-method signature="TC_CCP_22()[pri:23, instance:TestCases.CCP@1e178745]" started-at="2022-04-27T10:55:32 IST" name="TC_CCP_22" finished-at="2022-04-27T10:55:33 IST" duration-ms="297" status="PASS">
          <reporter-output>
          </reporter-output>
        </test-method> <!-- TC_CCP_22 -->
        <test-method is-config="true" signature="tearDown(org.testng.ITestResult)[pri:0, instance:TestCases.CCP@1e178745]" started-at="2022-04-27T10:55:33 IST" name="tearDown" finished-at="2022-04-27T10:55:33 IST" duration-ms="0" status="PASS">
          <params>
            <param index="0">
              <value>
                <![CDATA[[TestResult name=TC_CCP_22 status=SUCCESS method=CCP.TC_CCP_22()[pri:23, instance:TestCases.CCP@1e178745] output={null}]]]>
              </value>
            </param>
          </params>
          <reporter-output>
          </reporter-output>
        </test-method> <!-- tearDown -->
        <test-method signature="TC_CCP_23()[pri:24, instance:TestCases.CCP@1e178745]" started-at="2022-04-27T10:55:33 IST" name="TC_CCP_23" finished-at="2022-04-27T10:55:33 IST" duration-ms="207" status="PASS">
          <reporter-output>
          </reporter-output>
        </test-method> <!-- TC_CCP_23 -->
        <test-method is-config="true" signature="tearDown(org.testng.ITestResult)[pri:0, instance:TestCases.CCP@1e178745]" started-at="2022-04-27T10:55:33 IST" name="tearDown" finished-at="2022-04-27T10:55:33 IST" duration-ms="1" status="PASS">
          <params>
            <param index="0">
              <value>
                <![CDATA[[TestResult name=TC_CCP_23 status=SUCCESS method=CCP.TC_CCP_23()[pri:24, instance:TestCases.CCP@1e178745] output={null}]]]>
              </value>
            </param>
          </params>
          <reporter-output>
          </reporter-output>
        </test-method> <!-- tearDown -->
        <test-method signature="TC_CCP_24()[pri:25, instance:TestCases.CCP@1e178745]" started-at="2022-04-27T10:55:33 IST" name="TC_CCP_24" finished-at="2022-04-27T10:55:33 IST" duration-ms="196" status="PASS">
          <reporter-output>
          </reporter-output>
        </test-method> <!-- TC_CCP_24 -->
        <test-method is-config="true" signature="tearDown(org.testng.ITestResult)[pri:0, instance:TestCases.CCP@1e178745]" started-at="2022-04-27T10:55:33 IST" name="tearDown" finished-at="2022-04-27T10:55:33 IST" duration-ms="1" status="PASS">
          <params>
            <param index="0">
              <value>
                <![CDATA[[TestResult name=TC_CCP_24 status=SUCCESS method=CCP.TC_CCP_24()[pri:25, instance:TestCases.CCP@1e178745] output={null}]]]>
              </value>
            </param>
          </params>
          <reporter-output>
          </reporter-output>
        </test-method> <!-- tearDown -->
        <test-method signature="TC_CCP_25()[pri:26, instance:TestCases.CCP@1e178745]" started-at="2022-04-27T10:55:33 IST" name="TC_CCP_25" finished-at="2022-04-27T10:55:33 IST" duration-ms="392" status="PASS">
          <reporter-output>
          </reporter-output>
        </test-method> <!-- TC_CCP_25 -->
        <test-method is-config="true" signature="tearDown(org.testng.ITestResult)[pri:0, instance:TestCases.CCP@1e178745]" started-at="2022-04-27T10:55:33 IST" name="tearDown" finished-at="2022-04-27T10:55:33 IST" duration-ms="0" status="PASS">
          <params>
            <param index="0">
              <value>
                <![CDATA[[TestResult name=TC_CCP_25 status=SUCCESS method=CCP.TC_CCP_25()[pri:26, instance:TestCases.CCP@1e178745] output={null}]]]>
              </value>
            </param>
          </params>
          <reporter-output>
          </reporter-output>
        </test-method> <!-- tearDown -->
        <test-method signature="TC_CCP_26()[pri:27, instance:TestCases.CCP@1e178745]" started-at="2022-04-27T10:55:33 IST" name="TC_CCP_26" finished-at="2022-04-27T10:55:35 IST" duration-ms="1542" status="PASS">
          <reporter-output>
          </reporter-output>
        </test-method> <!-- TC_CCP_26 -->
        <test-method signature="TC_CCP_27()[pri:28, instance:TestCases.CCP@1e178745]" started-at="2022-04-27T10:55:35 IST" name="TC_CCP_27" finished-at="2022-04-27T10:55:35 IST" duration-ms="27" status="PASS">
          <reporter-output>
          </reporter-output>
        </test-method> <!-- TC_CCP_27 -->
        <test-method is-config="true" signature="tearDown(org.testng.ITestResult)[pri:0, instance:TestCases.CCP@1e178745]" started-at="2022-04-27T10:55:35 IST" name="tearDown" finished-at="2022-04-27T10:55:35 IST" duration-ms="0" status="PASS">
          <params>
            <param index="0">
              <value>
                <![CDATA[[TestResult name=TC_CCP_26 status=SUCCESS method=CCP.TC_CCP_26()[pri:27, instance:TestCases.CCP@1e178745] output={null}]]]>
              </value>
            </param>
          </params>
          <reporter-output>
          </reporter-output>
        </test-method> <!-- tearDown -->
        <test-method signature="TC_CCP_28()[pri:29, instance:TestCases.CCP@1e178745]" started-at="2022-04-27T10:55:35 IST" name="TC_CCP_28" finished-at="2022-04-27T10:55:35 IST" duration-ms="164" status="PASS">
          <reporter-output>
          </reporter-output>
        </test-method> <!-- TC_CCP_28 -->
        <test-method is-config="true" signature="tearDown(org.testng.ITestResult)[pri:0, instance:TestCases.CCP@1e178745]" started-at="2022-04-27T10:55:35 IST" name="tearDown" finished-at="2022-04-27T10:55:35 IST" duration-ms="0" status="PASS">
          <params>
            <param index="0">
              <value>
                <![CDATA[[TestResult name=TC_CCP_27 status=SUCCESS method=CCP.TC_CCP_27()[pri:28, instance:TestCases.CCP@1e178745] output={null}]]]>
              </value>
            </param>
          </params>
          <reporter-output>
          </reporter-output>
        </test-method> <!-- tearDown -->
        <test-method is-config="true" signature="tearDown(org.testng.ITestResult)[pri:0, instance:TestCases.CCP@1e178745]" started-at="2022-04-27T10:55:35 IST" name="tearDown" finished-at="2022-04-27T10:55:35 IST" duration-ms="1" status="PASS">
          <params>
            <param index="0">
              <value>
                <![CDATA[[TestResult name=TC_CCP_28 status=SUCCESS method=CCP.TC_CCP_28()[pri:29, instance:TestCases.CCP@1e178745] output={null}]]]>
              </value>
            </param>
          </params>
          <reporter-output>
          </reporter-output>
        </test-method> <!-- tearDown -->
        <test-method signature="TC_CCP_29()[pri:30, instance:TestCases.CCP@1e178745]" started-at="2022-04-27T10:55:35 IST" name="TC_CCP_29" finished-at="2022-04-27T10:55:40 IST" duration-ms="5202" status="PASS">
          <reporter-output>
          </reporter-output>
        </test-method> <!-- TC_CCP_29 -->
        <test-method signature="TC_CCP_30()[pri:31, instance:TestCases.CCP@1e178745]" started-at="2022-04-27T10:55:40 IST" name="TC_CCP_30" finished-at="2022-04-27T10:55:47 IST" duration-ms="6437" status="PASS">
          <reporter-output>
          </reporter-output>
        </test-method> <!-- TC_CCP_30 -->
        <test-method is-config="true" signature="tearDown(org.testng.ITestResult)[pri:0, instance:TestCases.CCP@1e178745]" started-at="2022-04-27T10:55:40 IST" name="tearDown" finished-at="2022-04-27T10:55:40 IST" duration-ms="0" status="PASS">
          <params>
            <param index="0">
              <value>
                <![CDATA[[TestResult name=TC_CCP_29 status=SUCCESS method=CCP.TC_CCP_29()[pri:30, instance:TestCases.CCP@1e178745] output={null}]]]>
              </value>
            </param>
          </params>
          <reporter-output>
          </reporter-output>
        </test-method> <!-- tearDown -->
        <test-method is-config="true" signature="tearDown(org.testng.ITestResult)[pri:0, instance:TestCases.CCP@1e178745]" started-at="2022-04-27T10:55:47 IST" name="tearDown" finished-at="2022-04-27T10:55:47 IST" duration-ms="1" status="PASS">
          <params>
            <param index="0">
              <value>
                <![CDATA[[TestResult name=TC_CCP_30 status=SUCCESS method=CCP.TC_CCP_30()[pri:31, instance:TestCases.CCP@1e178745] output={null}]]]>
              </value>
            </param>
          </params>
          <reporter-output>
          </reporter-output>
        </test-method> <!-- tearDown -->
        <test-method signature="TC_CCP_31()[pri:32, instance:TestCases.CCP@1e178745]" started-at="2022-04-27T10:55:47 IST" name="TC_CCP_31" finished-at="2022-04-27T10:55:52 IST" duration-ms="5154" status="PASS">
          <reporter-output>
          </reporter-output>
        </test-method> <!-- TC_CCP_31 -->
        <test-method is-config="true" signature="tearDown(org.testng.ITestResult)[pri:0, instance:TestCases.CCP@1e178745]" started-at="2022-04-27T10:55:52 IST" name="tearDown" finished-at="2022-04-27T10:55:52 IST" duration-ms="0" status="PASS">
          <params>
            <param index="0">
              <value>
                <![CDATA[[TestResult name=TC_CCP_31 status=SUCCESS method=CCP.TC_CCP_31()[pri:32, instance:TestCases.CCP@1e178745] output={null}]]]>
              </value>
            </param>
          </params>
          <reporter-output>
          </reporter-output>
        </test-method> <!-- tearDown -->
        <test-method signature="TC_CCP_32()[pri:33, instance:TestCases.CCP@1e178745]" started-at="2022-04-27T10:55:52 IST" name="TC_CCP_32" finished-at="2022-04-27T10:55:53 IST" duration-ms="1227" status="PASS">
          <reporter-output>
          </reporter-output>
        </test-method> <!-- TC_CCP_32 -->
        <test-method is-config="true" signature="tearDown(org.testng.ITestResult)[pri:0, instance:TestCases.CCP@1e178745]" started-at="2022-04-27T10:55:53 IST" name="tearDown" finished-at="2022-04-27T10:55:53 IST" duration-ms="0" status="PASS">
          <params>
            <param index="0">
              <value>
                <![CDATA[[TestResult name=TC_CCP_32 status=SUCCESS method=CCP.TC_CCP_32()[pri:33, instance:TestCases.CCP@1e178745] output={null}]]]>
              </value>
            </param>
          </params>
          <reporter-output>
          </reporter-output>
        </test-method> <!-- tearDown -->
        <test-method signature="TC_CCP_34()[pri:35, instance:TestCases.CCP@1e178745]" started-at="2022-04-27T10:55:53 IST" name="TC_CCP_34" finished-at="2022-04-27T10:55:55 IST" duration-ms="2083" status="PASS">
          <reporter-output>
          </reporter-output>
        </test-method> <!-- TC_CCP_34 -->
        <test-method is-config="true" signature="tearDown(org.testng.ITestResult)[pri:0, instance:TestCases.CCP@1e178745]" started-at="2022-04-27T10:55:55 IST" name="tearDown" finished-at="2022-04-27T10:55:55 IST" duration-ms="0" status="PASS">
          <params>
            <param index="0">
              <value>
                <![CDATA[[TestResult name=TC_CCP_34 status=SUCCESS method=CCP.TC_CCP_34()[pri:35, instance:TestCases.CCP@1e178745] output={null}]]]>
              </value>
            </param>
          </params>
          <reporter-output>
          </reporter-output>
        </test-method> <!-- tearDown -->
        <test-method signature="TC_CCP_35()[pri:36, instance:TestCases.CCP@1e178745]" started-at="2022-04-27T10:55:55 IST" name="TC_CCP_35" finished-at="2022-04-27T10:56:00 IST" duration-ms="4222" status="PASS">
          <reporter-output>
          </reporter-output>
        </test-method> <!-- TC_CCP_35 -->
        <test-method is-config="true" signature="tearDown(org.testng.ITestResult)[pri:0, instance:TestCases.CCP@1e178745]" started-at="2022-04-27T10:56:00 IST" name="tearDown" finished-at="2022-04-27T10:56:00 IST" duration-ms="0" status="PASS">
          <params>
            <param index="0">
              <value>
                <![CDATA[[TestResult name=TC_CCP_35 status=SUCCESS method=CCP.TC_CCP_35()[pri:36, instance:TestCases.CCP@1e178745] output={null}]]]>
              </value>
            </param>
          </params>
          <reporter-output>
          </reporter-output>
        </test-method> <!-- tearDown -->
        <test-method signature="TC_CCP_36()[pri:37, instance:TestCases.CCP@1e178745]" started-at="2022-04-27T10:56:00 IST" name="TC_CCP_36" finished-at="2022-04-27T10:56:02 IST" duration-ms="2110" status="PASS">
          <reporter-output>
          </reporter-output>
        </test-method> <!-- TC_CCP_36 -->
        <test-method is-config="true" signature="tearDown(org.testng.ITestResult)[pri:0, instance:TestCases.CCP@1e178745]" started-at="2022-04-27T10:56:02 IST" name="tearDown" finished-at="2022-04-27T10:56:02 IST" duration-ms="1" status="PASS">
          <params>
            <param index="0">
              <value>
                <![CDATA[[TestResult name=TC_CCP_36 status=SUCCESS method=CCP.TC_CCP_36()[pri:37, instance:TestCases.CCP@1e178745] output={null}]]]>
              </value>
            </param>
          </params>
          <reporter-output>
          </reporter-output>
        </test-method> <!-- tearDown -->
        <test-method signature="TC_CCP_37()[pri:38, instance:TestCases.CCP@1e178745]" started-at="2022-04-27T10:56:02 IST" name="TC_CCP_37" finished-at="2022-04-27T10:56:05 IST" duration-ms="2932" status="PASS">
          <reporter-output>
          </reporter-output>
        </test-method> <!-- TC_CCP_37 -->
        <test-method is-config="true" signature="tearDown(org.testng.ITestResult)[pri:0, instance:TestCases.CCP@1e178745]" started-at="2022-04-27T10:56:05 IST" name="tearDown" finished-at="2022-04-27T10:56:05 IST" duration-ms="0" status="PASS">
          <params>
            <param index="0">
              <value>
                <![CDATA[[TestResult name=TC_CCP_37 status=SUCCESS method=CCP.TC_CCP_37()[pri:38, instance:TestCases.CCP@1e178745] output={null}]]]>
              </value>
            </param>
          </params>
          <reporter-output>
          </reporter-output>
        </test-method> <!-- tearDown -->
        <test-method signature="TC_CCP_38()[pri:39, instance:TestCases.CCP@1e178745]" started-at="2022-04-27T10:56:05 IST" name="TC_CCP_38" finished-at="2022-04-27T10:56:05 IST" duration-ms="104" status="PASS">
          <reporter-output>
          </reporter-output>
        </test-method> <!-- TC_CCP_38 -->
        <test-method is-config="true" signature="tearDown(org.testng.ITestResult)[pri:0, instance:TestCases.CCP@1e178745]" started-at="2022-04-27T10:56:05 IST" name="tearDown" finished-at="2022-04-27T10:56:05 IST" duration-ms="1" status="PASS">
          <params>
            <param index="0">
              <value>
                <![CDATA[[TestResult name=TC_CCP_38 status=SUCCESS method=CCP.TC_CCP_38()[pri:39, instance:TestCases.CCP@1e178745] output={null}]]]>
              </value>
            </param>
          </params>
          <reporter-output>
          </reporter-output>
        </test-method> <!-- tearDown -->
        <test-method signature="TC_CCP_39()[pri:40, instance:TestCases.CCP@1e178745]" started-at="2022-04-27T10:56:05 IST" name="TC_CCP_39" finished-at="2022-04-27T10:56:07 IST" duration-ms="2164" status="PASS">
          <reporter-output>
          </reporter-output>
        </test-method> <!-- TC_CCP_39 -->
        <test-method is-config="true" signature="tearDown(org.testng.ITestResult)[pri:0, instance:TestCases.CCP@1e178745]" started-at="2022-04-27T10:56:07 IST" name="tearDown" finished-at="2022-04-27T10:56:07 IST" duration-ms="0" status="PASS">
          <params>
            <param index="0">
              <value>
                <![CDATA[[TestResult name=TC_CCP_39 status=SUCCESS method=CCP.TC_CCP_39()[pri:40, instance:TestCases.CCP@1e178745] output={null}]]]>
              </value>
            </param>
          </params>
          <reporter-output>
          </reporter-output>
        </test-method> <!-- tearDown -->
        <test-method signature="TC_CCP_40()[pri:41, instance:TestCases.CCP@1e178745]" started-at="2022-04-27T10:56:07 IST" name="TC_CCP_40" finished-at="2022-04-27T10:56:21 IST" duration-ms="14338" status="PASS">
          <reporter-output>
          </reporter-output>
        </test-method> <!-- TC_CCP_40 -->
        <test-method is-config="true" signature="tearDown(org.testng.ITestResult)[pri:0, instance:TestCases.CCP@1e178745]" started-at="2022-04-27T10:56:21 IST" name="tearDown" finished-at="2022-04-27T10:56:21 IST" duration-ms="0" status="PASS">
          <params>
            <param index="0">
              <value>
                <![CDATA[[TestResult name=TC_CCP_40 status=SUCCESS method=CCP.TC_CCP_40()[pri:41, instance:TestCases.CCP@1e178745] output={null}]]]>
              </value>
            </param>
          </params>
          <reporter-output>
          </reporter-output>
        </test-method> <!-- tearDown -->
        <test-method signature="TC_CCP_42()[pri:43, instance:TestCases.CCP@1e178745]" started-at="2022-04-27T10:56:21 IST" name="TC_CCP_42" finished-at="2022-04-27T10:56:23 IST" duration-ms="1870" status="PASS">
          <reporter-output>
          </reporter-output>
        </test-method> <!-- TC_CCP_42 -->
        <test-method is-config="true" signature="tearDown(org.testng.ITestResult)[pri:0, instance:TestCases.CCP@1e178745]" started-at="2022-04-27T10:56:23 IST" name="tearDown" finished-at="2022-04-27T10:56:23 IST" duration-ms="1" status="PASS">
          <params>
            <param index="0">
              <value>
                <![CDATA[[TestResult name=TC_CCP_42 status=SUCCESS method=CCP.TC_CCP_42()[pri:43, instance:TestCases.CCP@1e178745] output={null}]]]>
              </value>
            </param>
          </params>
          <reporter-output>
          </reporter-output>
        </test-method> <!-- tearDown -->
        <test-method signature="TC_CCP_43()[pri:44, instance:TestCases.CCP@1e178745]" started-at="2022-04-27T10:56:23 IST" name="TC_CCP_43" finished-at="2022-04-27T10:56:24 IST" duration-ms="1187" status="PASS">
          <reporter-output>
          </reporter-output>
        </test-method> <!-- TC_CCP_43 -->
        <test-method is-config="true" signature="tearDown(org.testng.ITestResult)[pri:0, instance:TestCases.CCP@1e178745]" started-at="2022-04-27T10:56:24 IST" name="tearDown" finished-at="2022-04-27T10:56:24 IST" duration-ms="0" status="PASS">
          <params>
            <param index="0">
              <value>
                <![CDATA[[TestResult name=TC_CCP_43 status=SUCCESS method=CCP.TC_CCP_43()[pri:44, instance:TestCases.CCP@1e178745] output={null}]]]>
              </value>
            </param>
          </params>
          <reporter-output>
          </reporter-output>
        </test-method> <!-- tearDown -->
        <test-method signature="TC_CCP_44()[pri:45, instance:TestCases.CCP@1e178745]" started-at="2022-04-27T10:56:24 IST" name="TC_CCP_44" finished-at="2022-04-27T10:56:25 IST" duration-ms="1066" status="PASS">
          <reporter-output>
          </reporter-output>
        </test-method> <!-- TC_CCP_44 -->
        <test-method is-config="true" signature="tearDown(org.testng.ITestResult)[pri:0, instance:TestCases.CCP@1e178745]" started-at="2022-04-27T10:56:25 IST" name="tearDown" finished-at="2022-04-27T10:56:25 IST" duration-ms="1" status="PASS">
          <params>
            <param index="0">
              <value>
                <![CDATA[[TestResult name=TC_CCP_44 status=SUCCESS method=CCP.TC_CCP_44()[pri:45, instance:TestCases.CCP@1e178745] output={null}]]]>
              </value>
            </param>
          </params>
          <reporter-output>
          </reporter-output>
        </test-method> <!-- tearDown -->
        <test-method signature="TC_CCP_45()[pri:46, instance:TestCases.CCP@1e178745]" started-at="2022-04-27T10:56:25 IST" name="TC_CCP_45" finished-at="2022-04-27T10:56:25 IST" duration-ms="35" status="PASS">
          <reporter-output>
          </reporter-output>
        </test-method> <!-- TC_CCP_45 -->
        <test-method is-config="true" signature="tearDown(org.testng.ITestResult)[pri:0, instance:TestCases.CCP@1e178745]" started-at="2022-04-27T10:56:25 IST" name="tearDown" finished-at="2022-04-27T10:56:25 IST" duration-ms="0" status="PASS">
          <params>
            <param index="0">
              <value>
                <![CDATA[[TestResult name=TC_CCP_45 status=SUCCESS method=CCP.TC_CCP_45()[pri:46, instance:TestCases.CCP@1e178745] output={null}]]]>
              </value>
            </param>
          </params>
          <reporter-output>
          </reporter-output>
        </test-method> <!-- tearDown -->
        <test-method signature="TC_CCP_46()[pri:47, instance:TestCases.CCP@1e178745]" started-at="2022-04-27T10:56:25 IST" name="TC_CCP_46" finished-at="2022-04-27T10:56:26 IST" duration-ms="207" status="PASS">
          <reporter-output>
          </reporter-output>
        </test-method> <!-- TC_CCP_46 -->
        <test-method is-config="true" signature="tearDown(org.testng.ITestResult)[pri:0, instance:TestCases.CCP@1e178745]" started-at="2022-04-27T10:56:26 IST" name="tearDown" finished-at="2022-04-27T10:56:26 IST" duration-ms="0" status="PASS">
          <params>
            <param index="0">
              <value>
                <![CDATA[[TestResult name=TC_CCP_46 status=SUCCESS method=CCP.TC_CCP_46()[pri:47, instance:TestCases.CCP@1e178745] output={null}]]]>
              </value>
            </param>
          </params>
          <reporter-output>
          </reporter-output>
        </test-method> <!-- tearDown -->
        <test-method signature="TC_CCP_47()[pri:48, instance:TestCases.CCP@1e178745]" started-at="2022-04-27T10:56:26 IST" name="TC_CCP_47" finished-at="2022-04-27T10:56:29 IST" duration-ms="3224" status="PASS">
          <reporter-output>
          </reporter-output>
        </test-method> <!-- TC_CCP_47 -->
        <test-method is-config="true" signature="tearDown(org.testng.ITestResult)[pri:0, instance:TestCases.CCP@1e178745]" started-at="2022-04-27T10:56:29 IST" name="tearDown" finished-at="2022-04-27T10:56:29 IST" duration-ms="0" status="PASS">
          <params>
            <param index="0">
              <value>
                <![CDATA[[TestResult name=TC_CCP_47 status=SUCCESS method=CCP.TC_CCP_47()[pri:48, instance:TestCases.CCP@1e178745] output={null}]]]>
              </value>
            </param>
          </params>
          <reporter-output>
          </reporter-output>
        </test-method> <!-- tearDown -->
        <test-method signature="TC_CCP_48()[pri:49, instance:TestCases.CCP@1e178745]" started-at="2022-04-27T10:56:29 IST" name="TC_CCP_48" finished-at="2022-04-27T10:56:31 IST" duration-ms="2159" status="PASS">
          <reporter-output>
          </reporter-output>
        </test-method> <!-- TC_CCP_48 -->
        <test-method is-config="true" signature="tearDown(org.testng.ITestResult)[pri:0, instance:TestCases.CCP@1e178745]" started-at="2022-04-27T10:56:31 IST" name="tearDown" finished-at="2022-04-27T10:56:31 IST" duration-ms="0" status="PASS">
          <params>
            <param index="0">
              <value>
                <![CDATA[[TestResult name=TC_CCP_48 status=SUCCESS method=CCP.TC_CCP_48()[pri:49, instance:TestCases.CCP@1e178745] output={null}]]]>
              </value>
            </param>
          </params>
          <reporter-output>
          </reporter-output>
        </test-method> <!-- tearDown -->
        <test-method signature="TC_CCP_49()[pri:50, instance:TestCases.CCP@1e178745]" started-at="2022-04-27T10:56:31 IST" name="TC_CCP_49" finished-at="2022-04-27T10:56:36 IST" duration-ms="5089" status="PASS">
          <reporter-output>
          </reporter-output>
        </test-method> <!-- TC_CCP_49 -->
        <test-method is-config="true" signature="tearDown(org.testng.ITestResult)[pri:0, instance:TestCases.CCP@1e178745]" started-at="2022-04-27T10:56:36 IST" name="tearDown" finished-at="2022-04-27T10:56:36 IST" duration-ms="0" status="PASS">
          <params>
            <param index="0">
              <value>
                <![CDATA[[TestResult name=TC_CCP_49 status=SUCCESS method=CCP.TC_CCP_49()[pri:50, instance:TestCases.CCP@1e178745] output={null}]]]>
              </value>
            </param>
          </params>
          <reporter-output>
          </reporter-output>
        </test-method> <!-- tearDown -->
        <test-method signature="TC_CCP_50()[pri:51, instance:TestCases.CCP@1e178745]" started-at="2022-04-27T10:56:36 IST" name="TC_CCP_50" finished-at="2022-04-27T10:56:39 IST" duration-ms="3144" status="PASS">
          <reporter-output>
          </reporter-output>
        </test-method> <!-- TC_CCP_50 -->
        <test-method signature="TC_CCP_51()[pri:52, instance:TestCases.CCP@1e178745]" started-at="2022-04-27T10:56:39 IST" name="TC_CCP_51" finished-at="2022-04-27T10:56:40 IST" duration-ms="652" status="PASS">
          <reporter-output>
          </reporter-output>
        </test-method> <!-- TC_CCP_51 -->
        <test-method is-config="true" signature="tearDown(org.testng.ITestResult)[pri:0, instance:TestCases.CCP@1e178745]" started-at="2022-04-27T10:56:39 IST" name="tearDown" finished-at="2022-04-27T10:56:39 IST" duration-ms="0" status="PASS">
          <params>
            <param index="0">
              <value>
                <![CDATA[[TestResult name=TC_CCP_50 status=SUCCESS method=CCP.TC_CCP_50()[pri:51, instance:TestCases.CCP@1e178745] output={null}]]]>
              </value>
            </param>
          </params>
          <reporter-output>
          </reporter-output>
        </test-method> <!-- tearDown -->
        <test-method is-config="true" signature="tearDown(org.testng.ITestResult)[pri:0, instance:TestCases.CCP@1e178745]" started-at="2022-04-27T10:56:40 IST" name="tearDown" finished-at="2022-04-27T10:56:40 IST" duration-ms="0" status="PASS">
          <params>
            <param index="0">
              <value>
                <![CDATA[[TestResult name=TC_CCP_51 status=SUCCESS method=CCP.TC_CCP_51()[pri:52, instance:TestCases.CCP@1e178745] output={null}]]]>
              </value>
            </param>
          </params>
          <reporter-output>
          </reporter-output>
        </test-method> <!-- tearDown -->
        <test-method signature="TC_CCP_52()[pri:53, instance:TestCases.CCP@1e178745]" started-at="2022-04-27T10:56:40 IST" name="TC_CCP_52" finished-at="2022-04-27T10:56:46 IST" duration-ms="5694" status="PASS">
          <reporter-output>
          </reporter-output>
        </test-method> <!-- TC_CCP_52 -->
        <test-method is-config="true" signature="tearDown(org.testng.ITestResult)[pri:0, instance:TestCases.CCP@1e178745]" started-at="2022-04-27T10:56:46 IST" name="tearDown" finished-at="2022-04-27T10:56:46 IST" duration-ms="1" status="PASS">
          <params>
            <param index="0">
              <value>
                <![CDATA[[TestResult name=TC_CCP_52 status=SUCCESS method=CCP.TC_CCP_52()[pri:53, instance:TestCases.CCP@1e178745] output={null}]]]>
              </value>
            </param>
          </params>
          <reporter-output>
          </reporter-output>
        </test-method> <!-- tearDown -->
        <test-method signature="TC_CCP_53()[pri:54, instance:TestCases.CCP@1e178745]" started-at="2022-04-27T10:56:46 IST" name="TC_CCP_53" finished-at="2022-04-27T10:56:47 IST" duration-ms="1220" status="PASS">
          <reporter-output>
          </reporter-output>
        </test-method> <!-- TC_CCP_53 -->
        <test-method is-config="true" signature="tearDown(org.testng.ITestResult)[pri:0, instance:TestCases.CCP@1e178745]" started-at="2022-04-27T10:56:47 IST" name="tearDown" finished-at="2022-04-27T10:56:47 IST" duration-ms="0" status="PASS">
          <params>
            <param index="0">
              <value>
                <![CDATA[[TestResult name=TC_CCP_53 status=SUCCESS method=CCP.TC_CCP_53()[pri:54, instance:TestCases.CCP@1e178745] output={null}]]]>
              </value>
            </param>
          </params>
          <reporter-output>
          </reporter-output>
        </test-method> <!-- tearDown -->
        <test-method signature="TC_CCP_54()[pri:55, instance:TestCases.CCP@1e178745]" started-at="2022-04-27T10:56:47 IST" name="TC_CCP_54" finished-at="2022-04-27T10:56:47 IST" duration-ms="440" status="PASS">
          <reporter-output>
          </reporter-output>
        </test-method> <!-- TC_CCP_54 -->
        <test-method is-config="true" signature="tearDown(org.testng.ITestResult)[pri:0, instance:TestCases.CCP@1e178745]" started-at="2022-04-27T10:56:47 IST" name="tearDown" finished-at="2022-04-27T10:56:47 IST" duration-ms="1" status="PASS">
          <params>
            <param index="0">
              <value>
                <![CDATA[[TestResult name=TC_CCP_54 status=SUCCESS method=CCP.TC_CCP_54()[pri:55, instance:TestCases.CCP@1e178745] output={null}]]]>
              </value>
            </param>
          </params>
          <reporter-output>
          </reporter-output>
        </test-method> <!-- tearDown -->
        <test-method signature="TC_CCP_55()[pri:56, instance:TestCases.CCP@1e178745]" started-at="2022-04-27T10:56:47 IST" name="TC_CCP_55" finished-at="2022-04-27T10:56:51 IST" duration-ms="3719" status="PASS">
          <reporter-output>
          </reporter-output>
        </test-method> <!-- TC_CCP_55 -->
        <test-method signature="TC_CCP_56()[pri:57, instance:TestCases.CCP@1e178745]" started-at="2022-04-27T10:56:51 IST" name="TC_CCP_56" finished-at="2022-04-27T10:56:53 IST" duration-ms="2059" status="PASS">
          <reporter-output>
          </reporter-output>
        </test-method> <!-- TC_CCP_56 -->
        <test-method is-config="true" signature="tearDown(org.testng.ITestResult)[pri:0, instance:TestCases.CCP@1e178745]" started-at="2022-04-27T10:56:51 IST" name="tearDown" finished-at="2022-04-27T10:56:51 IST" duration-ms="0" status="PASS">
          <params>
            <param index="0">
              <value>
                <![CDATA[[TestResult name=TC_CCP_55 status=SUCCESS method=CCP.TC_CCP_55()[pri:56, instance:TestCases.CCP@1e178745] output={null}]]]>
              </value>
            </param>
          </params>
          <reporter-output>
          </reporter-output>
        </test-method> <!-- tearDown -->
        <test-method signature="TC_CCP_57()[pri:58, instance:TestCases.CCP@1e178745]" started-at="2022-04-27T10:56:53 IST" name="TC_CCP_57" finished-at="2022-04-27T10:56:53 IST" duration-ms="171" status="PASS">
          <reporter-output>
          </reporter-output>
        </test-method> <!-- TC_CCP_57 -->
        <test-method is-config="true" signature="tearDown(org.testng.ITestResult)[pri:0, instance:TestCases.CCP@1e178745]" started-at="2022-04-27T10:56:53 IST" name="tearDown" finished-at="2022-04-27T10:56:53 IST" duration-ms="0" status="PASS">
          <params>
            <param index="0">
              <value>
                <![CDATA[[TestResult name=TC_CCP_56 status=SUCCESS method=CCP.TC_CCP_56()[pri:57, instance:TestCases.CCP@1e178745] output={null}]]]>
              </value>
            </param>
          </params>
          <reporter-output>
          </reporter-output>
        </test-method> <!-- tearDown -->
        <test-method signature="TC_CCP_58()[pri:59, instance:TestCases.CCP@1e178745]" started-at="2022-04-27T10:56:53 IST" name="TC_CCP_58" finished-at="2022-04-27T10:56:53 IST" duration-ms="26" status="PASS">
          <reporter-output>
          </reporter-output>
        </test-method> <!-- TC_CCP_58 -->
        <test-method is-config="true" signature="tearDown(org.testng.ITestResult)[pri:0, instance:TestCases.CCP@1e178745]" started-at="2022-04-27T10:56:53 IST" name="tearDown" finished-at="2022-04-27T10:56:53 IST" duration-ms="0" status="PASS">
          <params>
            <param index="0">
              <value>
                <![CDATA[[TestResult name=TC_CCP_57 status=SUCCESS method=CCP.TC_CCP_57()[pri:58, instance:TestCases.CCP@1e178745] output={null}]]]>
              </value>
            </param>
          </params>
          <reporter-output>
          </reporter-output>
        </test-method> <!-- tearDown -->
        <test-method signature="TC_CCP_59()[pri:60, instance:TestCases.CCP@1e178745]" started-at="2022-04-27T10:56:53 IST" name="TC_CCP_59" finished-at="2022-04-27T10:56:55 IST" duration-ms="2164" status="PASS">
          <reporter-output>
          </reporter-output>
        </test-method> <!-- TC_CCP_59 -->
        <test-method is-config="true" signature="tearDown(org.testng.ITestResult)[pri:0, instance:TestCases.CCP@1e178745]" started-at="2022-04-27T10:56:53 IST" name="tearDown" finished-at="2022-04-27T10:56:53 IST" duration-ms="0" status="PASS">
          <params>
            <param index="0">
              <value>
                <![CDATA[[TestResult name=TC_CCP_58 status=SUCCESS method=CCP.TC_CCP_58()[pri:59, instance:TestCases.CCP@1e178745] output={null}]]]>
              </value>
            </param>
          </params>
          <reporter-output>
          </reporter-output>
        </test-method> <!-- tearDown -->
        <test-method is-config="true" signature="tearDown(org.testng.ITestResult)[pri:0, instance:TestCases.CCP@1e178745]" started-at="2022-04-27T10:56:55 IST" name="tearDown" finished-at="2022-04-27T10:56:55 IST" duration-ms="0" status="PASS">
          <params>
            <param index="0">
              <value>
                <![CDATA[[TestResult name=TC_CCP_59 status=SUCCESS method=CCP.TC_CCP_59()[pri:60, instance:TestCases.CCP@1e178745] output={null}]]]>
              </value>
            </param>
          </params>
          <reporter-output>
          </reporter-output>
        </test-method> <!-- tearDown -->
        <test-method signature="TC_CCP_60()[pri:61, instance:TestCases.CCP@1e178745]" started-at="2022-04-27T10:56:55 IST" name="TC_CCP_60" finished-at="2022-04-27T10:56:55 IST" duration-ms="22" status="PASS">
          <reporter-output>
          </reporter-output>
        </test-method> <!-- TC_CCP_60 -->
        <test-method signature="TC_CCP_61()[pri:62, instance:TestCases.CCP@1e178745]" started-at="2022-04-27T10:56:55 IST" name="TC_CCP_61" finished-at="2022-04-27T10:56:59 IST" duration-ms="3321" status="PASS">
          <reporter-output>
          </reporter-output>
        </test-method> <!-- TC_CCP_61 -->
        <test-method is-config="true" signature="tearDown(org.testng.ITestResult)[pri:0, instance:TestCases.CCP@1e178745]" started-at="2022-04-27T10:56:55 IST" name="tearDown" finished-at="2022-04-27T10:56:55 IST" duration-ms="0" status="PASS">
          <params>
            <param index="0">
              <value>
                <![CDATA[[TestResult name=TC_CCP_60 status=SUCCESS method=CCP.TC_CCP_60()[pri:61, instance:TestCases.CCP@1e178745] output={null}]]]>
              </value>
            </param>
          </params>
          <reporter-output>
          </reporter-output>
        </test-method> <!-- tearDown -->
        <test-method is-config="true" signature="tearDown(org.testng.ITestResult)[pri:0, instance:TestCases.CCP@1e178745]" started-at="2022-04-27T10:56:59 IST" name="tearDown" finished-at="2022-04-27T10:56:59 IST" duration-ms="1" status="PASS">
          <params>
            <param index="0">
              <value>
                <![CDATA[[TestResult name=TC_CCP_61 status=SUCCESS method=CCP.TC_CCP_61()[pri:62, instance:TestCases.CCP@1e178745] output={null}]]]>
              </value>
            </param>
          </params>
          <reporter-output>
          </reporter-output>
        </test-method> <!-- tearDown -->
      </class> <!-- TestCases.CCP -->
      <class name="TestCases.PerformInspection">
        <test-method signature="TC_PIP_01()[pri:63, instance:TestCases.PerformInspection@26b3fd41]" started-at="2022-04-27T10:56:59 IST" name="TC_PIP_01" finished-at="2022-04-27T10:57:01 IST" duration-ms="1845" status="PASS">
          <reporter-output>
          </reporter-output>
        </test-method> <!-- TC_PIP_01 -->
        <test-method signature="TC_PIP_02()[pri:64, instance:TestCases.PerformInspection@26b3fd41]" started-at="2022-04-27T10:57:01 IST" name="TC_PIP_02" finished-at="2022-04-27T10:57:01 IST" duration-ms="162" status="PASS">
          <reporter-output>
          </reporter-output>
        </test-method> <!-- TC_PIP_02 -->
        <test-method is-config="true" signature="tearDown(org.testng.ITestResult)[pri:0, instance:TestCases.PerformInspection@26b3fd41]" started-at="2022-04-27T10:57:01 IST" name="tearDown" finished-at="2022-04-27T10:57:01 IST" duration-ms="0" status="PASS">
          <params>
            <param index="0">
              <value>
                <![CDATA[[TestResult name=TC_PIP_01 status=SUCCESS method=PerformInspection.TC_PIP_01()[pri:63, instance:TestCases.PerformInspection@26b3fd41] output={null}]]]>
              </value>
            </param>
          </params>
          <reporter-output>
          </reporter-output>
        </test-method> <!-- tearDown -->
        <test-method is-config="true" signature="tearDown(org.testng.ITestResult)[pri:0, instance:TestCases.PerformInspection@26b3fd41]" started-at="2022-04-27T10:57:01 IST" name="tearDown" finished-at="2022-04-27T10:57:01 IST" duration-ms="0" status="PASS">
          <params>
            <param index="0">
              <value>
                <![CDATA[[TestResult name=TC_PIP_02 status=SUCCESS method=PerformInspection.TC_PIP_02()[pri:64, instance:TestCases.PerformInspection@26b3fd41] output={null}]]]>
              </value>
            </param>
          </params>
          <reporter-output>
          </reporter-output>
        </test-method> <!-- tearDown -->
        <test-method signature="TC_PIP_03()[pri:65, instance:TestCases.PerformInspection@26b3fd41]" started-at="2022-04-27T10:57:01 IST" name="TC_PIP_03" finished-at="2022-04-27T10:57:02 IST" duration-ms="1070" status="PASS">
          <reporter-output>
          </reporter-output>
        </test-method> <!-- TC_PIP_03 -->
        <test-method is-config="true" signature="tearDown(org.testng.ITestResult)[pri:0, instance:TestCases.PerformInspection@26b3fd41]" started-at="2022-04-27T10:57:02 IST" name="tearDown" finished-at="2022-04-27T10:57:02 IST" duration-ms="0" status="PASS">
          <params>
            <param index="0">
              <value>
                <![CDATA[[TestResult name=TC_PIP_03 status=SUCCESS method=PerformInspection.TC_PIP_03()[pri:65, instance:TestCases.PerformInspection@26b3fd41] output={null}]]]>
              </value>
            </param>
          </params>
          <reporter-output>
          </reporter-output>
        </test-method> <!-- tearDown -->
        <test-method signature="TC_PIP_04()[pri:66, instance:TestCases.PerformInspection@26b3fd41]" started-at="2022-04-27T10:57:02 IST" name="TC_PIP_04" finished-at="2022-04-27T10:57:02 IST" duration-ms="228" status="PASS">
          <reporter-output>
          </reporter-output>
        </test-method> <!-- TC_PIP_04 -->
        <test-method is-config="true" signature="tearDown(org.testng.ITestResult)[pri:0, instance:TestCases.PerformInspection@26b3fd41]" started-at="2022-04-27T10:57:02 IST" name="tearDown" finished-at="2022-04-27T10:57:02 IST" duration-ms="0" status="PASS">
          <params>
            <param index="0">
              <value>
                <![CDATA[[TestResult name=TC_PIP_04 status=SUCCESS method=PerformInspection.TC_PIP_04()[pri:66, instance:TestCases.PerformInspection@26b3fd41] output={null}]]]>
              </value>
            </param>
          </params>
          <reporter-output>
          </reporter-output>
        </test-method> <!-- tearDown -->
        <test-method signature="TC_PIP_05()[pri:67, instance:TestCases.PerformInspection@26b3fd41]" started-at="2022-04-27T10:57:02 IST" name="TC_PIP_05" finished-at="2022-04-27T10:57:02 IST" duration-ms="34" status="PASS">
          <reporter-output>
          </reporter-output>
        </test-method> <!-- TC_PIP_05 -->
        <test-method is-config="true" signature="tearDown(org.testng.ITestResult)[pri:0, instance:TestCases.PerformInspection@26b3fd41]" started-at="2022-04-27T10:57:02 IST" name="tearDown" finished-at="2022-04-27T10:57:02 IST" duration-ms="1" status="PASS">
          <params>
            <param index="0">
              <value>
                <![CDATA[[TestResult name=TC_PIP_05 status=SUCCESS method=PerformInspection.TC_PIP_05()[pri:67, instance:TestCases.PerformInspection@26b3fd41] output={null}]]]>
              </value>
            </param>
          </params>
          <reporter-output>
          </reporter-output>
        </test-method> <!-- tearDown -->
        <test-method signature="TC_PIP_06()[pri:68, instance:TestCases.PerformInspection@26b3fd41]" started-at="2022-04-27T10:57:02 IST" name="TC_PIP_06" finished-at="2022-04-27T10:57:02 IST" duration-ms="133" status="PASS">
          <reporter-output>
          </reporter-output>
        </test-method> <!-- TC_PIP_06 -->
        <test-method is-config="true" signature="tearDown(org.testng.ITestResult)[pri:0, instance:TestCases.PerformInspection@26b3fd41]" started-at="2022-04-27T10:57:02 IST" name="tearDown" finished-at="2022-04-27T10:57:02 IST" duration-ms="1" status="PASS">
          <params>
            <param index="0">
              <value>
                <![CDATA[[TestResult name=TC_PIP_06 status=SUCCESS method=PerformInspection.TC_PIP_06()[pri:68, instance:TestCases.PerformInspection@26b3fd41] output={null}]]]>
              </value>
            </param>
          </params>
          <reporter-output>
          </reporter-output>
        </test-method> <!-- tearDown -->
        <test-method signature="TC_PIP_07()[pri:69, instance:TestCases.PerformInspection@26b3fd41]" started-at="2022-04-27T10:57:02 IST" name="TC_PIP_07" finished-at="2022-04-27T10:57:03 IST" duration-ms="1122" status="PASS">
          <reporter-output>
          </reporter-output>
        </test-method> <!-- TC_PIP_07 -->
        <test-method is-config="true" signature="tearDown(org.testng.ITestResult)[pri:0, instance:TestCases.PerformInspection@26b3fd41]" started-at="2022-04-27T10:57:03 IST" name="tearDown" finished-at="2022-04-27T10:57:03 IST" duration-ms="0" status="PASS">
          <params>
            <param index="0">
              <value>
                <![CDATA[[TestResult name=TC_PIP_07 status=SUCCESS method=PerformInspection.TC_PIP_07()[pri:69, instance:TestCases.PerformInspection@26b3fd41] output={null}]]]>
              </value>
            </param>
          </params>
          <reporter-output>
          </reporter-output>
        </test-method> <!-- tearDown -->
        <test-method signature="TC_PIP_08()[pri:70, instance:TestCases.PerformInspection@26b3fd41]" started-at="2022-04-27T10:57:03 IST" name="TC_PIP_08" finished-at="2022-04-27T10:57:03 IST" duration-ms="123" status="PASS">
          <reporter-output>
          </reporter-output>
        </test-method> <!-- TC_PIP_08 -->
        <test-method signature="TC_PIP_09()[pri:71, instance:TestCases.PerformInspection@26b3fd41]" started-at="2022-04-27T10:57:03 IST" name="TC_PIP_09" finished-at="2022-04-27T10:57:04 IST" duration-ms="133" status="PASS">
          <reporter-output>
          </reporter-output>
        </test-method> <!-- TC_PIP_09 -->
        <test-method is-config="true" signature="tearDown(org.testng.ITestResult)[pri:0, instance:TestCases.PerformInspection@26b3fd41]" started-at="2022-04-27T10:57:03 IST" name="tearDown" finished-at="2022-04-27T10:57:03 IST" duration-ms="0" status="PASS">
          <params>
            <param index="0">
              <value>
                <![CDATA[[TestResult name=TC_PIP_08 status=SUCCESS method=PerformInspection.TC_PIP_08()[pri:70, instance:TestCases.PerformInspection@26b3fd41] output={null}]]]>
              </value>
            </param>
          </params>
          <reporter-output>
          </reporter-output>
        </test-method> <!-- tearDown -->
        <test-method is-config="true" signature="tearDown(org.testng.ITestResult)[pri:0, instance:TestCases.PerformInspection@26b3fd41]" started-at="2022-04-27T10:57:04 IST" name="tearDown" finished-at="2022-04-27T10:57:04 IST" duration-ms="0" status="PASS">
          <params>
            <param index="0">
              <value>
                <![CDATA[[TestResult name=TC_PIP_09 status=SUCCESS method=PerformInspection.TC_PIP_09()[pri:71, instance:TestCases.PerformInspection@26b3fd41] output={null}]]]>
              </value>
            </param>
          </params>
          <reporter-output>
          </reporter-output>
        </test-method> <!-- tearDown -->
        <test-method signature="TC_PIP_10()[pri:72, instance:TestCases.PerformInspection@26b3fd41]" started-at="2022-04-27T10:57:04 IST" name="TC_PIP_10" finished-at="2022-04-27T10:57:04 IST" duration-ms="106" status="PASS">
          <reporter-output>
          </reporter-output>
        </test-method> <!-- TC_PIP_10 -->
        <test-method is-config="true" signature="tearDown(org.testng.ITestResult)[pri:0, instance:TestCases.PerformInspection@26b3fd41]" started-at="2022-04-27T10:57:04 IST" name="tearDown" finished-at="2022-04-27T10:57:04 IST" duration-ms="1" status="PASS">
          <params>
            <param index="0">
              <value>
                <![CDATA[[TestResult name=TC_PIP_10 status=SUCCESS method=PerformInspection.TC_PIP_10()[pri:72, instance:TestCases.PerformInspection@26b3fd41] output={null}]]]>
              </value>
            </param>
          </params>
          <reporter-output>
          </reporter-output>
        </test-method> <!-- tearDown -->
        <test-method signature="TC_PIP_11()[pri:73, instance:TestCases.PerformInspection@26b3fd41]" started-at="2022-04-27T10:57:04 IST" name="TC_PIP_11" finished-at="2022-04-27T10:57:06 IST" duration-ms="2151" status="PASS">
          <reporter-output>
          </reporter-output>
        </test-method> <!-- TC_PIP_11 -->
        <test-method signature="TC_PIP_12()[pri:74, instance:TestCases.PerformInspection@26b3fd41]" started-at="2022-04-27T10:57:06 IST" name="TC_PIP_12" finished-at="2022-04-27T10:57:07 IST" duration-ms="1174" status="PASS">
          <reporter-output>
          </reporter-output>
        </test-method> <!-- TC_PIP_12 -->
        <test-method is-config="true" signature="tearDown(org.testng.ITestResult)[pri:0, instance:TestCases.PerformInspection@26b3fd41]" started-at="2022-04-27T10:57:06 IST" name="tearDown" finished-at="2022-04-27T10:57:06 IST" duration-ms="0" status="PASS">
          <params>
            <param index="0">
              <value>
                <![CDATA[[TestResult name=TC_PIP_11 status=SUCCESS method=PerformInspection.TC_PIP_11()[pri:73, instance:TestCases.PerformInspection@26b3fd41] output={null}]]]>
              </value>
            </param>
          </params>
          <reporter-output>
          </reporter-output>
        </test-method> <!-- tearDown -->
        <test-method is-config="true" signature="tearDown(org.testng.ITestResult)[pri:0, instance:TestCases.PerformInspection@26b3fd41]" started-at="2022-04-27T10:57:07 IST" name="tearDown" finished-at="2022-04-27T10:57:07 IST" duration-ms="1" status="PASS">
          <params>
            <param index="0">
              <value>
                <![CDATA[[TestResult name=TC_PIP_12 status=SUCCESS method=PerformInspection.TC_PIP_12()[pri:74, instance:TestCases.PerformInspection@26b3fd41] output={null}]]]>
              </value>
            </param>
          </params>
          <reporter-output>
          </reporter-output>
        </test-method> <!-- tearDown -->
        <test-method signature="TC_PIP_13()[pri:75, instance:TestCases.PerformInspection@26b3fd41]" started-at="2022-04-27T10:57:07 IST" name="TC_PIP_13" finished-at="2022-04-27T10:57:07 IST" duration-ms="292" status="PASS">
          <reporter-output>
          </reporter-output>
        </test-method> <!-- TC_PIP_13 -->
        <test-method is-config="true" signature="tearDown(org.testng.ITestResult)[pri:0, instance:TestCases.PerformInspection@26b3fd41]" started-at="2022-04-27T10:57:07 IST" name="tearDown" finished-at="2022-04-27T10:57:07 IST" duration-ms="0" status="PASS">
          <params>
            <param index="0">
              <value>
                <![CDATA[[TestResult name=TC_PIP_13 status=SUCCESS method=PerformInspection.TC_PIP_13()[pri:75, instance:TestCases.PerformInspection@26b3fd41] output={null}]]]>
              </value>
            </param>
          </params>
          <reporter-output>
          </reporter-output>
        </test-method> <!-- tearDown -->
        <test-method signature="TC_PIP_14()[pri:76, instance:TestCases.PerformInspection@26b3fd41]" started-at="2022-04-27T10:57:07 IST" name="TC_PIP_14" finished-at="2022-04-27T10:57:07 IST" duration-ms="25" status="PASS">
          <reporter-output>
          </reporter-output>
        </test-method> <!-- TC_PIP_14 -->
        <test-method is-config="true" signature="tearDown(org.testng.ITestResult)[pri:0, instance:TestCases.PerformInspection@26b3fd41]" started-at="2022-04-27T10:57:07 IST" name="tearDown" finished-at="2022-04-27T10:57:07 IST" duration-ms="1" status="PASS">
          <params>
            <param index="0">
              <value>
                <![CDATA[[TestResult name=TC_PIP_14 status=SUCCESS method=PerformInspection.TC_PIP_14()[pri:76, instance:TestCases.PerformInspection@26b3fd41] output={null}]]]>
              </value>
            </param>
          </params>
          <reporter-output>
          </reporter-output>
        </test-method> <!-- tearDown -->
        <test-method signature="TC_PIP_15()[pri:77, instance:TestCases.PerformInspection@26b3fd41]" started-at="2022-04-27T10:57:07 IST" name="TC_PIP_15" finished-at="2022-04-27T10:57:07 IST" duration-ms="23" status="PASS">
          <reporter-output>
          </reporter-output>
        </test-method> <!-- TC_PIP_15 -->
        <test-method is-config="true" signature="tearDown(org.testng.ITestResult)[pri:0, instance:TestCases.PerformInspection@26b3fd41]" started-at="2022-04-27T10:57:07 IST" name="tearDown" finished-at="2022-04-27T10:57:07 IST" duration-ms="1" status="PASS">
          <params>
            <param index="0">
              <value>
                <![CDATA[[TestResult name=TC_PIP_15 status=SUCCESS method=PerformInspection.TC_PIP_15()[pri:77, instance:TestCases.PerformInspection@26b3fd41] output={null}]]]>
              </value>
            </param>
          </params>
          <reporter-output>
          </reporter-output>
        </test-method> <!-- tearDown -->
        <test-method signature="TC_PIP_16()[pri:78, instance:TestCases.PerformInspection@26b3fd41]" started-at="2022-04-27T10:57:07 IST" name="TC_PIP_16" finished-at="2022-04-27T10:57:09 IST" duration-ms="2174" status="PASS">
          <reporter-output>
          </reporter-output>
        </test-method> <!-- TC_PIP_16 -->
        <test-method is-config="true" signature="tearDown(org.testng.ITestResult)[pri:0, instance:TestCases.PerformInspection@26b3fd41]" started-at="2022-04-27T10:57:09 IST" name="tearDown" finished-at="2022-04-27T10:57:09 IST" duration-ms="1" status="PASS">
          <params>
            <param index="0">
              <value>
                <![CDATA[[TestResult name=TC_PIP_16 status=SUCCESS method=PerformInspection.TC_PIP_16()[pri:78, instance:TestCases.PerformInspection@26b3fd41] output={null}]]]>
              </value>
            </param>
          </params>
          <reporter-output>
          </reporter-output>
        </test-method> <!-- tearDown -->
        <test-method signature="TC_PIP_17()[pri:79, instance:TestCases.PerformInspection@26b3fd41]" started-at="2022-04-27T10:57:09 IST" name="TC_PIP_17" finished-at="2022-04-27T10:57:10 IST" duration-ms="312" status="PASS">
          <reporter-output>
          </reporter-output>
        </test-method> <!-- TC_PIP_17 -->
        <test-method is-config="true" signature="tearDown(org.testng.ITestResult)[pri:0, instance:TestCases.PerformInspection@26b3fd41]" started-at="2022-04-27T10:57:10 IST" name="tearDown" finished-at="2022-04-27T10:57:10 IST" duration-ms="0" status="PASS">
          <params>
            <param index="0">
              <value>
                <![CDATA[[TestResult name=TC_PIP_17 status=SUCCESS method=PerformInspection.TC_PIP_17()[pri:79, instance:TestCases.PerformInspection@26b3fd41] output={null}]]]>
              </value>
            </param>
          </params>
          <reporter-output>
          </reporter-output>
        </test-method> <!-- tearDown -->
        <test-method signature="TC_PIP_18()[pri:80, instance:TestCases.PerformInspection@26b3fd41]" started-at="2022-04-27T10:57:10 IST" name="TC_PIP_18" finished-at="2022-04-27T10:57:14 IST" duration-ms="4622" status="PASS">
          <reporter-output>
          </reporter-output>
        </test-method> <!-- TC_PIP_18 -->
        <test-method is-config="true" signature="tearDown(org.testng.ITestResult)[pri:0, instance:TestCases.PerformInspection@26b3fd41]" started-at="2022-04-27T10:57:14 IST" name="tearDown" finished-at="2022-04-27T10:57:14 IST" duration-ms="1" status="PASS">
          <params>
            <param index="0">
              <value>
                <![CDATA[[TestResult name=TC_PIP_18 status=SUCCESS method=PerformInspection.TC_PIP_18()[pri:80, instance:TestCases.PerformInspection@26b3fd41] output={null}]]]>
              </value>
            </param>
          </params>
          <reporter-output>
          </reporter-output>
        </test-method> <!-- tearDown -->
        <test-method signature="TC_PIP_19()[pri:81, instance:TestCases.PerformInspection@26b3fd41]" started-at="2022-04-27T10:57:14 IST" name="TC_PIP_19" finished-at="2022-04-27T10:57:16 IST" duration-ms="1214" status="PASS">
          <reporter-output>
          </reporter-output>
        </test-method> <!-- TC_PIP_19 -->
        <test-method is-config="true" signature="tearDown(org.testng.ITestResult)[pri:0, instance:TestCases.PerformInspection@26b3fd41]" started-at="2022-04-27T10:57:16 IST" name="tearDown" finished-at="2022-04-27T10:57:16 IST" duration-ms="0" status="PASS">
          <params>
            <param index="0">
              <value>
                <![CDATA[[TestResult name=TC_PIP_19 status=SUCCESS method=PerformInspection.TC_PIP_19()[pri:81, instance:TestCases.PerformInspection@26b3fd41] output={null}]]]>
              </value>
            </param>
          </params>
          <reporter-output>
          </reporter-output>
        </test-method> <!-- tearDown -->
        <test-method signature="TC_PIP_20()[pri:82, instance:TestCases.PerformInspection@26b3fd41]" started-at="2022-04-27T10:57:16 IST" name="TC_PIP_20" finished-at="2022-04-27T10:57:16 IST" duration-ms="39" status="PASS">
          <reporter-output>
          </reporter-output>
        </test-method> <!-- TC_PIP_20 -->
        <test-method is-config="true" signature="tearDown(org.testng.ITestResult)[pri:0, instance:TestCases.PerformInspection@26b3fd41]" started-at="2022-04-27T10:57:16 IST" name="tearDown" finished-at="2022-04-27T10:57:16 IST" duration-ms="1" status="PASS">
          <params>
            <param index="0">
              <value>
                <![CDATA[[TestResult name=TC_PIP_20 status=SUCCESS method=PerformInspection.TC_PIP_20()[pri:82, instance:TestCases.PerformInspection@26b3fd41] output={null}]]]>
              </value>
            </param>
          </params>
          <reporter-output>
          </reporter-output>
        </test-method> <!-- tearDown -->
        <test-method signature="TC_PIP_21()[pri:83, instance:TestCases.PerformInspection@26b3fd41]" started-at="2022-04-27T10:57:16 IST" name="TC_PIP_21" finished-at="2022-04-27T10:57:19 IST" duration-ms="3591" status="PASS">
          <reporter-output>
          </reporter-output>
        </test-method> <!-- TC_PIP_21 -->
        <test-method is-config="true" signature="tearDown(org.testng.ITestResult)[pri:0, instance:TestCases.PerformInspection@26b3fd41]" started-at="2022-04-27T10:57:19 IST" name="tearDown" finished-at="2022-04-27T10:57:19 IST" duration-ms="0" status="PASS">
          <params>
            <param index="0">
              <value>
                <![CDATA[[TestResult name=TC_PIP_21 status=SUCCESS method=PerformInspection.TC_PIP_21()[pri:83, instance:TestCases.PerformInspection@26b3fd41] output={null}]]]>
              </value>
            </param>
          </params>
          <reporter-output>
          </reporter-output>
        </test-method> <!-- tearDown -->
        <test-method signature="TC_PIP_22()[pri:84, instance:TestCases.PerformInspection@26b3fd41]" started-at="2022-04-27T10:57:19 IST" name="TC_PIP_22" finished-at="2022-04-27T10:57:19 IST" duration-ms="29" status="PASS">
          <reporter-output>
          </reporter-output>
        </test-method> <!-- TC_PIP_22 -->
        <test-method is-config="true" signature="tearDown(org.testng.ITestResult)[pri:0, instance:TestCases.PerformInspection@26b3fd41]" started-at="2022-04-27T10:57:19 IST" name="tearDown" finished-at="2022-04-27T10:57:19 IST" duration-ms="1" status="PASS">
          <params>
            <param index="0">
              <value>
                <![CDATA[[TestResult name=TC_PIP_22 status=SUCCESS method=PerformInspection.TC_PIP_22()[pri:84, instance:TestCases.PerformInspection@26b3fd41] output={null}]]]>
              </value>
            </param>
          </params>
          <reporter-output>
          </reporter-output>
        </test-method> <!-- tearDown -->
        <test-method signature="TC_PIP_23()[pri:85, instance:TestCases.PerformInspection@26b3fd41]" started-at="2022-04-27T10:57:19 IST" name="TC_PIP_23" finished-at="2022-04-27T10:57:19 IST" duration-ms="185" status="PASS">
          <reporter-output>
          </reporter-output>
        </test-method> <!-- TC_PIP_23 -->
        <test-method is-config="true" signature="tearDown(org.testng.ITestResult)[pri:0, instance:TestCases.PerformInspection@26b3fd41]" started-at="2022-04-27T10:57:19 IST" name="tearDown" finished-at="2022-04-27T10:57:19 IST" duration-ms="1" status="PASS">
          <params>
            <param index="0">
              <value>
                <![CDATA[[TestResult name=TC_PIP_23 status=SUCCESS method=PerformInspection.TC_PIP_23()[pri:85, instance:TestCases.PerformInspection@26b3fd41] output={null}]]]>
              </value>
            </param>
          </params>
          <reporter-output>
          </reporter-output>
        </test-method> <!-- tearDown -->
        <test-method signature="TC_PIP_24()[pri:86, instance:TestCases.PerformInspection@26b3fd41]" started-at="2022-04-27T10:57:19 IST" name="TC_PIP_24" finished-at="2022-04-27T10:57:21 IST" duration-ms="1100" status="PASS">
          <reporter-output>
          </reporter-output>
        </test-method> <!-- TC_PIP_24 -->
        <test-method signature="TC_PIP_25()[pri:87, instance:TestCases.PerformInspection@26b3fd41]" started-at="2022-04-27T10:57:21 IST" name="TC_PIP_25" finished-at="2022-04-27T10:57:21 IST" duration-ms="142" status="PASS">
          <reporter-output>
          </reporter-output>
        </test-method> <!-- TC_PIP_25 -->
        <test-method is-config="true" signature="tearDown(org.testng.ITestResult)[pri:0, instance:TestCases.PerformInspection@26b3fd41]" started-at="2022-04-27T10:57:21 IST" name="tearDown" finished-at="2022-04-27T10:57:21 IST" duration-ms="0" status="PASS">
          <params>
            <param index="0">
              <value>
                <![CDATA[[TestResult name=TC_PIP_24 status=SUCCESS method=PerformInspection.TC_PIP_24()[pri:86, instance:TestCases.PerformInspection@26b3fd41] output={null}]]]>
              </value>
            </param>
          </params>
          <reporter-output>
          </reporter-output>
        </test-method> <!-- tearDown -->
        <test-method is-config="true" signature="tearDown(org.testng.ITestResult)[pri:0, instance:TestCases.PerformInspection@26b3fd41]" started-at="2022-04-27T10:57:21 IST" name="tearDown" finished-at="2022-04-27T10:57:21 IST" duration-ms="0" status="PASS">
          <params>
            <param index="0">
              <value>
                <![CDATA[[TestResult name=TC_PIP_25 status=SUCCESS method=PerformInspection.TC_PIP_25()[pri:87, instance:TestCases.PerformInspection@26b3fd41] output={null}]]]>
              </value>
            </param>
          </params>
          <reporter-output>
          </reporter-output>
        </test-method> <!-- tearDown -->
      </class> <!-- TestCases.PerformInspection -->
    </test> <!-- Test -->
  </suite> <!-- Suite -->
</testng-results>
